2016-09-15 11:49:18,853 DEBUG [doubleview.jeebase.support.interceptor.LogInterceptor]  开始计时: 11:49:18.850  URI: /jeebase/admin/login
2016-09-15 11:49:18,864 INFO  [doubleview.jeebase.support.interceptor.LogInterceptor]  view name: login
2016-09-15 11:49:21,159 DEBUG [doubleview.jeebase.support.interceptor.LogInterceptor]  计时结束：11:49:21.158  耗时：0:0:2.308  URI: /jeebase/admin/login  最大内存: 820m  已分配内存: 315m  已分配内存中的剩余空间: 264m  最大可用内存: 768m
2016-09-15 11:50:00,815 DEBUG [doubleview.jeebase.support.interceptor.LogInterceptor]  开始计时: 11:50:00.814  URI: /jeebase/admin/login
2016-09-15 11:50:00,823 INFO  [doubleview.jeebase.support.interceptor.LogInterceptor]  view name: login
2016-09-15 11:50:00,828 DEBUG [doubleview.jeebase.support.interceptor.LogInterceptor]  计时结束：11:50:00.828  耗时：0:0:0.14  URI: /jeebase/admin/login  最大内存: 820m  已分配内存: 315m  已分配内存中的剩余空间: 245m  最大可用内存: 750m
2016-09-15 11:50:31,156 DEBUG [doubleview.jeebase.system.security.SystemAuthorizingRealm]  user doubleview login submit
2016-09-15 11:50:31,514 DEBUG [jeebase.system.dao.UserDao.getByLoginName]  ==>  Preparing: SELECT u.id AS "id", u.login_name AS "loginName", u.password AS "password", u.name AS "name", u.email AS "email", u.skin AS "skin", u.phone AS "phone", u.mobile AS "mobile", u.login_ip AS "loginIp", u.login_date AS "loginDate", u.login_flag AS "loginFlag", u.remarks AS "remarks", u.create_by AS "createBy.id", u.create_time AS "createTime", u.update_by AS "updateBy.id", u.update_time AS "updateTime", u.del_status AS "delStatus", d.id AS "department.id", d.name AS "department.name", d.parent_id AS "department.parent.id", u2.id AS "department.master.id", u2.name AS "department.master.name", a.id AS "department.area.id", a.name AS "department.area.name", a.parent_id AS "department.area.parent.id" FROM sys_user u LEFT JOIN sys_department d ON d.id = u.department_id LEFT JOIN sys_user u2 ON u2.id = d.master_id LEFT JOIN sys_area a ON a.id = d.area_id WHERE u.login_name = ? AND u.del_status = ? 
2016-09-15 11:50:31,623 DEBUG [jeebase.system.dao.UserDao.getByLoginName]  ==> Parameters: doubleview(String), doubleview(String)
2016-09-15 11:50:31,725 DEBUG [jeebase.system.dao.UserDao.getByLoginName]  <==      Total: 0
2016-09-15 11:50:31,825 DEBUG [doubleview.jeebase.support.interceptor.LogInterceptor]  开始计时: 11:50:31.825  URI: /jeebase/admin/login
2016-09-15 11:50:31,826 INFO  [doubleview.jeebase.support.interceptor.LogInterceptor]  view name: login
2016-09-15 11:50:31,829 DEBUG [doubleview.jeebase.support.interceptor.LogInterceptor]  计时结束：11:50:31.829  耗时：0:0:0.4  URI: /jeebase/admin/login  最大内存: 820m  已分配内存: 315m  已分配内存中的剩余空间: 236m  最大可用内存: 740m
2016-09-15 11:50:32,838 DEBUG [doubleview.jeebase.support.interceptor.LogInterceptor]  开始计时: 11:50:32.838  URI: /jeebase/admin/login
2016-09-15 11:50:32,839 INFO  [doubleview.jeebase.support.interceptor.LogInterceptor]  view name: login
2016-09-15 11:50:32,841 DEBUG [doubleview.jeebase.support.interceptor.LogInterceptor]  计时结束：11:50:32.841  耗时：0:0:0.3  URI: /jeebase/admin/login  最大内存: 820m  已分配内存: 315m  已分配内存中的剩余空间: 235m  最大可用内存: 740m
2016-09-15 11:59:23,205 WARN  [net.sf.ehcache.DiskStorePathManager]  diskStorePath 'temp\jeebase\ehcache' is already used by an existing CacheManager either in the same VM or in a different process.
The diskStore path for this CacheManager will be set to temp\jeebase\ehcache\ehcache_auto_created3066087723202159497diskstore.
To avoid this warning consider using the CacheManager factory methods to create a singleton CacheManager or specifying a separate ehcache configuration (ehcache.xml) for each CacheManager instance.
2016-09-15 11:59:23,206 WARN  [sf.ehcache.store.disk.DiskStorageFactory]  Data in persistent disk stores is ignored for stores from automatically created directories.
Remove diskPersistent or resolve the conflicting disk paths in cache configuration.
Deleting data file E:\codespace\ideaspace\jeebase\temp\jeebase\ehcache\ehcache_auto_created3066087723202159497diskstore\active%0053essions%0043ache.data
2016-09-15 12:00:56,302 DEBUG [doubleview.jeebase.support.interceptor.LogInterceptor]  开始计时: 12:00:56.298  URI: /jeebase/admin/login
2016-09-15 12:00:56,311 INFO  [doubleview.jeebase.support.interceptor.LogInterceptor]  view name: login
2016-09-15 12:01:06,089 DEBUG [doubleview.jeebase.support.interceptor.LogInterceptor]  计时结束：12:01:06.088  耗时：0:0:9.790  URI: /jeebase/admin/login  最大内存: 820m  已分配内存: 276m  已分配内存中的剩余空间: 111m  最大可用内存: 654m
2016-09-15 12:01:14,715 DEBUG [doubleview.jeebase.support.interceptor.LogInterceptor]  开始计时: 12:01:14.715  URI: /jeebase/admin/login
2016-09-15 12:01:14,716 INFO  [doubleview.jeebase.support.interceptor.LogInterceptor]  view name: login
2016-09-15 12:01:14,721 DEBUG [doubleview.jeebase.support.interceptor.LogInterceptor]  计时结束：12:01:14.721  耗时：0:0:0.6  URI: /jeebase/admin/login  最大内存: 820m  已分配内存: 276m  已分配内存中的剩余空间: 109m  最大可用内存: 652m
2016-09-15 12:01:45,266 DEBUG [doubleview.jeebase.system.security.SystemAuthorizingRealm]  user doubleview login submit
2016-09-15 12:01:45,438 DEBUG [jeebase.system.dao.UserDao.getByLoginName]  ==>  Preparing: SELECT u.id AS "id", u.login_name AS "loginName", u.password AS "password", u.name AS "name", u.email AS "email", u.skin AS "skin", u.phone AS "phone", u.mobile AS "mobile", u.login_ip AS "loginIp", u.login_date AS "loginDate", u.login_flag AS "loginFlag", u.remarks AS "remarks", u.create_by AS "createBy.id", u.create_time AS "createTime", u.update_by AS "updateBy.id", u.update_time AS "updateTime", u.del_status AS "delStatus", d.id AS "department.id", d.name AS "department.name", d.parent_id AS "department.parent.id", u2.id AS "department.master.id", u2.name AS "department.master.name", a.id AS "department.area.id", a.name AS "department.area.name", a.parent_id AS "department.area.parent.id" FROM sys_user u LEFT JOIN sys_department d ON d.id = u.department_id LEFT JOIN sys_user u2 ON u2.id = d.master_id LEFT JOIN sys_area a ON a.id = d.area_id WHERE u.login_name = ? AND u.del_status = ? 
2016-09-15 12:01:45,478 DEBUG [jeebase.system.dao.UserDao.getByLoginName]  ==> Parameters: doubleview(String), doubleview(String)
2016-09-15 12:01:45,526 DEBUG [jeebase.system.dao.UserDao.getByLoginName]  <==      Total: 0
2016-09-15 12:01:45,532 DEBUG [doubleview.jeebase.support.interceptor.LogInterceptor]  开始计时: 12:01:45.532  URI: /jeebase/admin/login
2016-09-15 12:01:45,533 INFO  [doubleview.jeebase.support.interceptor.LogInterceptor]  view name: login
2016-09-15 12:01:45,535 DEBUG [doubleview.jeebase.support.interceptor.LogInterceptor]  计时结束：12:01:45.535  耗时：0:0:0.3  URI: /jeebase/admin/login  最大内存: 820m  已分配内存: 308m  已分配内存中的剩余空间: 244m  最大可用内存: 756m
2016-09-15 12:01:57,445 DEBUG [doubleview.jeebase.support.interceptor.LogInterceptor]  开始计时: 12:01:57.444  URI: /jeebase/admin/login
2016-09-15 12:01:57,446 INFO  [doubleview.jeebase.support.interceptor.LogInterceptor]  view name: login
2016-09-15 12:01:57,449 DEBUG [doubleview.jeebase.support.interceptor.LogInterceptor]  计时结束：12:01:57.448  耗时：0:0:0.4  URI: /jeebase/admin/login  最大内存: 820m  已分配内存: 308m  已分配内存中的剩余空间: 232m  最大可用内存: 743m
2016-09-15 12:07:04,319 DEBUG [doubleview.jeebase.support.interceptor.LogInterceptor]  开始计时: 12:07:04.314  URI: /jeebase/admin/login
2016-09-15 12:07:04,329 INFO  [doubleview.jeebase.support.interceptor.LogInterceptor]  view name: login
2016-09-15 12:07:09,360 DEBUG [doubleview.jeebase.support.interceptor.LogInterceptor]  计时结束：12:07:09.359  耗时：0:0:5.45  URI: /jeebase/admin/login  最大内存: 820m  已分配内存: 266m  已分配内存中的剩余空间: 185m  最大可用内存: 739m
2016-09-15 12:07:31,282 DEBUG [doubleview.jeebase.support.interceptor.LogInterceptor]  开始计时: 12:07:31.281  URI: /jeebase/admin/login
2016-09-15 12:07:31,282 INFO  [doubleview.jeebase.support.interceptor.LogInterceptor]  view name: login
2016-09-15 12:07:31,285 DEBUG [doubleview.jeebase.support.interceptor.LogInterceptor]  计时结束：12:07:31.285  耗时：0:0:0.4  URI: /jeebase/admin/login  最大内存: 820m  已分配内存: 266m  已分配内存中的剩余空间: 179m  最大可用内存: 733m
2016-09-15 12:07:59,993 DEBUG [doubleview.jeebase.system.security.SystemAuthorizingRealm]  user doubleview login submit
2016-09-15 12:08:00,820 DEBUG [jeebase.system.dao.UserDao.getByLoginName]  ==>  Preparing: SELECT u.id AS "id", u.login_name AS "loginName", u.password AS "password", u.name AS "name", u.email AS "email", u.skin AS "skin", u.phone AS "phone", u.mobile AS "mobile", u.login_ip AS "loginIp", u.login_date AS "loginDate", u.login_flag AS "loginFlag", u.remarks AS "remarks", u.create_by AS "createBy.id", u.create_time AS "createTime", u.update_by AS "updateBy.id", u.update_time AS "updateTime", u.del_status AS "delStatus", d.id AS "department.id", d.name AS "department.name", d.parent_id AS "department.parent.id", u2.id AS "department.master.id", u2.name AS "department.master.name", a.id AS "department.area.id", a.name AS "department.area.name", a.parent_id AS "department.area.parent.id" FROM sys_user u LEFT JOIN sys_department d ON d.id = u.department_id LEFT JOIN sys_user u2 ON u2.id = d.master_id LEFT JOIN sys_area a ON a.id = d.area_id WHERE u.login_name = ? AND u.del_status = "0" 
2016-09-15 12:08:00,912 DEBUG [jeebase.system.dao.UserDao.getByLoginName]  ==> Parameters: doubleview(String)
2016-09-15 12:08:01,187 DEBUG [jeebase.system.dao.UserDao.getByLoginName]  <==      Total: 1
2016-09-15 12:08:01,273 DEBUG [jeebase.system.dao.RoleDao.getList]  ==>  Preparing: SELECT r.id AS "id", r.name AS "name", r.remarks AS "remarks", r.create_by AS "createBy.id", r.create_time AS "createTime", r.update_by AS "updateBy.id", r.update_time AS "updateTime", r.del_status AS "delStatusl" FROM sys_role r JOIN sys_user_role ur ON ur.role_id = r.id AND ur.user_id = ? WHERE r.del_status = ? ORDER BY r.name 
2016-09-15 12:08:01,274 DEBUG [jeebase.system.dao.RoleDao.getList]  ==> Parameters: 0b2ebd4d639e4c2b83c2dd0764522f24(String), 0(String)
2016-09-15 12:08:01,493 DEBUG [jeebase.system.dao.RoleDao.getList]  <==      Total: 0
2016-09-15 12:08:01,822 DEBUG [doubleview.jeebase.support.interceptor.LogInterceptor]  开始计时: 12:08:01.821  URI: /jeebase/admin/favicon.ico
2016-09-15 12:08:01,825 DEBUG [doubleview.jeebase.support.interceptor.LogInterceptor]  计时结束：12:08:01.824  耗时：0:0:0.3  URI: /jeebase/admin/favicon.ico  最大内存: 820m  已分配内存: 340m  已分配内存中的剩余空间: 273m  最大可用内存: 753m
2016-09-15 12:14:28,890 DEBUG [doubleview.jeebase.support.interceptor.LogInterceptor]  开始计时: 12:14:28.886  URI: /jeebase/admin/login;JSESSIONID=7fa9196a-d2ee-4e77-b5fb-19f6795d84eb
2016-09-15 12:14:28,905 INFO  [doubleview.jeebase.support.interceptor.LogInterceptor]  view name: login
2016-09-15 12:14:30,825 DEBUG [doubleview.jeebase.support.interceptor.LogInterceptor]  计时结束：12:14:30.824  耗时：0:0:1.938  URI: /jeebase/admin/login;JSESSIONID=7fa9196a-d2ee-4e77-b5fb-19f6795d84eb  最大内存: 820m  已分配内存: 282m  已分配内存中的剩余空间: 68m  最大可用内存: 606m
2016-09-15 12:14:46,346 DEBUG [doubleview.jeebase.support.interceptor.LogInterceptor]  开始计时: 12:14:46.345  URI: /jeebase/admin/login
2016-09-15 12:14:46,347 INFO  [doubleview.jeebase.support.interceptor.LogInterceptor]  view name: login
2016-09-15 12:14:46,352 DEBUG [doubleview.jeebase.support.interceptor.LogInterceptor]  计时结束：12:14:46.352  耗时：0:0:0.7  URI: /jeebase/admin/login  最大内存: 820m  已分配内存: 313m  已分配内存中的剩余空间: 252m  最大可用内存: 759m
2016-09-15 12:14:58,444 DEBUG [doubleview.jeebase.system.security.SystemAuthorizingRealm]  user doubleview login submit
2016-09-15 12:14:58,574 DEBUG [jeebase.system.dao.UserDao.getByLoginName]  ==>  Preparing: SELECT u.id AS "id", u.login_name AS "loginName", u.password AS "password", u.name AS "name", u.email AS "email", u.skin AS "skin", u.phone AS "phone", u.mobile AS "mobile", u.login_ip AS "loginIp", u.login_date AS "loginDate", u.login_flag AS "loginFlag", u.remarks AS "remarks", u.create_by AS "createBy.id", u.create_time AS "createTime", u.update_by AS "updateBy.id", u.update_time AS "updateTime", u.del_status AS "delStatus", d.id AS "department.id", d.name AS "department.name", d.parent_id AS "department.parent.id", u2.id AS "department.master.id", u2.name AS "department.master.name", a.id AS "department.area.id", a.name AS "department.area.name", a.parent_id AS "department.area.parent.id" FROM sys_user u LEFT JOIN sys_department d ON d.id = u.department_id LEFT JOIN sys_user u2 ON u2.id = d.master_id LEFT JOIN sys_area a ON a.id = d.area_id WHERE u.login_name = ? AND u.del_status = "0" 
2016-09-15 12:14:58,615 DEBUG [jeebase.system.dao.UserDao.getByLoginName]  ==> Parameters: doubleview(String)
2016-09-15 12:14:58,728 DEBUG [jeebase.system.dao.UserDao.getByLoginName]  <==      Total: 1
2016-09-15 12:14:58,781 DEBUG [jeebase.system.dao.RoleDao.getList]  ==>  Preparing: SELECT r.id AS "id", r.name AS "name", r.remarks AS "remarks", r.create_by AS "createBy.id", r.create_time AS "createTime", r.update_by AS "updateBy.id", r.update_time AS "updateTime", r.del_status AS "delStatusl" FROM sys_role r JOIN sys_user_role ur ON ur.role_id = r.id AND ur.user_id = ? WHERE r.del_status = ? ORDER BY r.name 
2016-09-15 12:14:58,782 DEBUG [jeebase.system.dao.RoleDao.getList]  ==> Parameters: 0b2ebd4d639e4c2b83c2dd0764522f24(String), 0(String)
2016-09-15 12:14:58,784 DEBUG [jeebase.system.dao.RoleDao.getList]  <==      Total: 0
2016-09-15 12:14:58,956 DEBUG [doubleview.jeebase.support.interceptor.LogInterceptor]  开始计时: 12:14:58.956  URI: /jeebase/admin/favicon.ico
2016-09-15 12:14:58,963 DEBUG [doubleview.jeebase.support.interceptor.LogInterceptor]  计时结束：12:14:58.962  耗时：0:0:0.6  URI: /jeebase/admin/favicon.ico  最大内存: 820m  已分配内存: 313m  已分配内存中的剩余空间: 235m  最大可用内存: 742m
2016-09-15 12:16:49,935 DEBUG [doubleview.jeebase.support.interceptor.LogInterceptor]  开始计时: 12:16:49.935  URI: /jeebase/admin/favicon.ico
2016-09-15 12:16:49,939 DEBUG [doubleview.jeebase.support.interceptor.LogInterceptor]  计时结束：12:16:49.939  耗时：0:0:0.4  URI: /jeebase/admin/favicon.ico  最大内存: 820m  已分配内存: 313m  已分配内存中的剩余空间: 226m  最大可用内存: 733m
2016-09-15 12:17:02,507 DEBUG [doubleview.jeebase.support.interceptor.LogInterceptor]  开始计时: 12:17:02.506  URI: /jeebase/admin/login
2016-09-15 12:17:02,508 INFO  [doubleview.jeebase.support.interceptor.LogInterceptor]  view name: redirect:/admin/main
2016-09-15 12:17:02,513 DEBUG [doubleview.jeebase.support.interceptor.LogInterceptor]  计时结束：12:17:02.513  耗时：0:0:0.7  URI: /jeebase/admin/login  最大内存: 820m  已分配内存: 313m  已分配内存中的剩余空间: 226m  最大可用内存: 733m
2016-09-15 12:17:02,565 DEBUG [doubleview.jeebase.support.interceptor.LogInterceptor]  开始计时: 12:17:02.565  URI: /jeebase/admin/main
2016-09-15 12:17:02,569 DEBUG [doubleview.jeebase.support.interceptor.LogInterceptor]  计时结束：12:17:02.568  耗时：0:0:0.3  URI: /jeebase/admin/main  最大内存: 820m  已分配内存: 313m  已分配内存中的剩余空间: 226m  最大可用内存: 733m
2016-09-15 12:17:19,426 DEBUG [doubleview.jeebase.support.interceptor.LogInterceptor]  开始计时: 12:17:19.425  URI: /jeebase/admin
2016-09-15 12:17:19,428 DEBUG [doubleview.jeebase.support.interceptor.LogInterceptor]  计时结束：12:17:19.428  耗时：0:0:0.3  URI: /jeebase/admin  最大内存: 820m  已分配内存: 313m  已分配内存中的剩余空间: 226m  最大可用内存: 733m
2016-09-15 12:17:26,784 DEBUG [doubleview.jeebase.support.interceptor.LogInterceptor]  开始计时: 12:17:26.784  URI: /jeebase/admin
2016-09-15 12:17:26,786 DEBUG [doubleview.jeebase.support.interceptor.LogInterceptor]  计时结束：12:17:26.786  耗时：0:0:0.2  URI: /jeebase/admin  最大内存: 820m  已分配内存: 313m  已分配内存中的剩余空间: 226m  最大可用内存: 733m
2016-09-15 12:17:31,656 DEBUG [doubleview.jeebase.support.interceptor.LogInterceptor]  开始计时: 12:17:31.656  URI: /jeebase/admin
2016-09-15 12:17:31,658 DEBUG [doubleview.jeebase.support.interceptor.LogInterceptor]  计时结束：12:17:31.657  耗时：0:0:0.1  URI: /jeebase/admin  最大内存: 820m  已分配内存: 313m  已分配内存中的剩余空间: 225m  最大可用内存: 732m
2016-09-15 12:23:03,786 DEBUG [doubleview.jeebase.support.interceptor.LogInterceptor]  开始计时: 12:23:03.510  URI: /jeebase/admin/login;JSESSIONID=e3c7f235-0450-4a59-bb60-76eab79e0941
2016-09-15 12:23:03,816 INFO  [doubleview.jeebase.support.interceptor.LogInterceptor]  view name: login
2016-09-15 12:23:07,486 DEBUG [doubleview.jeebase.support.interceptor.LogInterceptor]  计时结束：12:23:07.481  耗时：0:0:3.971  URI: /jeebase/admin/login;JSESSIONID=e3c7f235-0450-4a59-bb60-76eab79e0941  最大内存: 820m  已分配内存: 240m  已分配内存中的剩余空间: 93m  最大可用内存: 673m
2016-09-15 12:24:03,418 DEBUG [doubleview.jeebase.support.interceptor.LogInterceptor]  开始计时: 12:24:03.418  URI: /jeebase/admin/login
2016-09-15 12:24:03,420 INFO  [doubleview.jeebase.support.interceptor.LogInterceptor]  view name: login
2016-09-15 12:24:03,427 DEBUG [doubleview.jeebase.support.interceptor.LogInterceptor]  计时结束：12:24:03.427  耗时：0:0:0.9  URI: /jeebase/admin/login  最大内存: 820m  已分配内存: 310m  已分配内存中的剩余空间: 250m  最大可用内存: 760m
2016-09-15 12:30:22,986 DEBUG [doubleview.jeebase.support.interceptor.LogInterceptor]  开始计时: 12:30:22.977  URI: /jeebase/admin/login;JSESSIONID=47bd8a54-cdd7-40f0-b369-530c82e3ccc1
2016-09-15 12:30:23,003 INFO  [doubleview.jeebase.support.interceptor.LogInterceptor]  view name: login
2016-09-15 12:30:25,940 DEBUG [doubleview.jeebase.support.interceptor.LogInterceptor]  计时结束：12:30:25.938  耗时：0:0:2.961  URI: /jeebase/admin/login;JSESSIONID=47bd8a54-cdd7-40f0-b369-530c82e3ccc1  最大内存: 820m  已分配内存: 303m  已分配内存中的剩余空间: 220m  最大可用内存: 737m
2016-09-15 12:30:48,606 DEBUG [doubleview.jeebase.system.security.SystemAuthorizingRealm]  user doubleview login submit
2016-09-15 12:30:48,763 DEBUG [jeebase.system.dao.UserDao.getByLoginName]  ==>  Preparing: SELECT u.id AS "id", u.login_name AS "loginName", u.password AS "password", u.name AS "name", u.email AS "email", u.skin AS "skin", u.phone AS "phone", u.mobile AS "mobile", u.login_ip AS "loginIp", u.login_date AS "loginDate", u.login_flag AS "loginFlag", u.remarks AS "remarks", u.create_by AS "createBy.id", u.create_time AS "createTime", u.update_by AS "updateBy.id", u.update_time AS "updateTime", u.del_status AS "delStatus", d.id AS "department.id", d.name AS "department.name", d.parent_id AS "department.parent.id", u2.id AS "department.master.id", u2.name AS "department.master.name", a.id AS "department.area.id", a.name AS "department.area.name", a.parent_id AS "department.area.parent.id" FROM sys_user u LEFT JOIN sys_department d ON d.id = u.department_id LEFT JOIN sys_user u2 ON u2.id = d.master_id LEFT JOIN sys_area a ON a.id = d.area_id WHERE u.login_name = ? AND u.del_status = "0" 
2016-09-15 12:30:48,861 DEBUG [jeebase.system.dao.UserDao.getByLoginName]  ==> Parameters: doubleview(String)
2016-09-15 12:30:49,044 DEBUG [jeebase.system.dao.UserDao.getByLoginName]  <==      Total: 1
2016-09-15 12:30:49,123 DEBUG [jeebase.system.dao.RoleDao.getList]  ==>  Preparing: SELECT r.id AS "id", r.name AS "name", r.remarks AS "remarks", r.create_by AS "createBy.id", r.create_time AS "createTime", r.update_by AS "updateBy.id", r.update_time AS "updateTime", r.del_status AS "delStatusl" FROM sys_role r JOIN sys_user_role ur ON ur.role_id = r.id AND ur.user_id = ? WHERE r.del_status = ? ORDER BY r.name 
2016-09-15 12:30:49,123 DEBUG [jeebase.system.dao.RoleDao.getList]  ==> Parameters: 0b2ebd4d639e4c2b83c2dd0764522f24(String), 0(String)
2016-09-15 12:30:49,125 DEBUG [jeebase.system.dao.RoleDao.getList]  <==      Total: 0
2016-09-15 12:31:12,871 DEBUG [doubleview.jeebase.support.interceptor.LogInterceptor]  开始计时: 12:31:12.871  URI: /jeebase/admin/login
2016-09-15 12:31:12,874 INFO  [doubleview.jeebase.support.interceptor.LogInterceptor]  view name: redirect:/admin/main
2016-09-15 12:31:12,881 DEBUG [doubleview.jeebase.support.interceptor.LogInterceptor]  计时结束：12:31:12.881  耗时：0:0:0.10  URI: /jeebase/admin/login  最大内存: 820m  已分配内存: 303m  已分配内存中的剩余空间: 196m  最大可用内存: 713m
2016-09-15 12:31:12,891 DEBUG [doubleview.jeebase.support.interceptor.LogInterceptor]  开始计时: 12:31:12.891  URI: /jeebase/admin/main
2016-09-15 12:31:12,893 DEBUG [doubleview.jeebase.support.interceptor.LogInterceptor]  计时结束：12:31:12.893  耗时：0:0:0.2  URI: /jeebase/admin/main  最大内存: 820m  已分配内存: 303m  已分配内存中的剩余空间: 196m  最大可用内存: 713m
2016-09-15 12:31:17,990 DEBUG [doubleview.jeebase.support.interceptor.LogInterceptor]  开始计时: 12:31:17.989  URI: /jeebase/admin
2016-09-15 12:31:17,992 DEBUG [doubleview.jeebase.support.interceptor.LogInterceptor]  计时结束：12:31:17.992  耗时：0:0:0.3  URI: /jeebase/admin  最大内存: 820m  已分配内存: 303m  已分配内存中的剩余空间: 196m  最大可用内存: 713m
2016-09-15 12:31:19,255 DEBUG [doubleview.jeebase.support.interceptor.LogInterceptor]  开始计时: 12:31:19.255  URI: /jeebase/admin/login
2016-09-15 12:31:19,256 INFO  [doubleview.jeebase.support.interceptor.LogInterceptor]  view name: redirect:/admin/main
2016-09-15 12:31:19,256 DEBUG [doubleview.jeebase.support.interceptor.LogInterceptor]  计时结束：12:31:19.256  耗时：0:0:0.1  URI: /jeebase/admin/login  最大内存: 820m  已分配内存: 303m  已分配内存中的剩余空间: 196m  最大可用内存: 713m
2016-09-15 12:31:19,266 DEBUG [doubleview.jeebase.support.interceptor.LogInterceptor]  开始计时: 12:31:19.266  URI: /jeebase/admin/main
2016-09-15 12:31:19,268 DEBUG [doubleview.jeebase.support.interceptor.LogInterceptor]  计时结束：12:31:19.268  耗时：0:0:0.2  URI: /jeebase/admin/main  最大内存: 820m  已分配内存: 303m  已分配内存中的剩余空间: 196m  最大可用内存: 713m
2016-09-15 12:31:48,789 DEBUG [doubleview.jeebase.support.interceptor.LogInterceptor]  开始计时: 12:31:48.788  URI: /jeebase/admin/index
2016-09-15 12:31:48,791 DEBUG [doubleview.jeebase.system.controller.LoginController]  ???登录成功
2016-09-15 13:16:24,936 DEBUG [doubleview.jeebase.support.interceptor.LogInterceptor]  开始计时: 13:16:24.860  URI: /jeebase/admin/login;JSESSIONID=1578ef10-0745-4e66-aa8d-204056cbe011
2016-09-15 13:16:24,986 INFO  [doubleview.jeebase.support.interceptor.LogInterceptor]  view name: login
2016-09-15 13:16:31,192 DEBUG [doubleview.jeebase.support.interceptor.LogInterceptor]  计时结束：01:16:31.189  耗时：0:0:6.329  URI: /jeebase/admin/login;JSESSIONID=1578ef10-0745-4e66-aa8d-204056cbe011  最大内存: 820m  已分配内存: 214m  已分配内存中的剩余空间: 129m  最大可用内存: 735m
2016-09-15 13:17:08,376 DEBUG [doubleview.jeebase.system.security.SystemAuthorizingRealm]  user doubleview login submit
2016-09-15 13:17:08,639 DEBUG [jeebase.system.dao.UserDao.getByLoginName]  ==>  Preparing: SELECT u.id AS "id", u.login_name AS "loginName", u.password AS "password", u.name AS "name", u.email AS "email", u.skin AS "skin", u.phone AS "phone", u.mobile AS "mobile", u.login_ip AS "loginIp", u.login_date AS "loginDate", u.login_flag AS "loginFlag", u.remarks AS "remarks", u.create_by AS "createBy.id", u.create_time AS "createTime", u.update_by AS "updateBy.id", u.update_time AS "updateTime", u.del_status AS "delStatus", d.id AS "department.id", d.name AS "department.name", d.parent_id AS "department.parent.id", u2.id AS "department.master.id", u2.name AS "department.master.name", a.id AS "department.area.id", a.name AS "department.area.name", a.parent_id AS "department.area.parent.id" FROM sys_user u LEFT JOIN sys_department d ON d.id = u.department_id LEFT JOIN sys_user u2 ON u2.id = d.master_id LEFT JOIN sys_area a ON a.id = d.area_id WHERE u.login_name = ? AND u.del_status = "0" 
2016-09-15 13:17:08,688 DEBUG [jeebase.system.dao.UserDao.getByLoginName]  ==> Parameters: doubleview(String)
2016-09-15 13:17:09,158 DEBUG [jeebase.system.dao.UserDao.getByLoginName]  <==      Total: 1
2016-09-15 13:17:09,231 DEBUG [jeebase.system.dao.RoleDao.getList]  ==>  Preparing: SELECT r.id AS "id", r.name AS "name", r.remarks AS "remarks", r.create_by AS "createBy.id", r.create_time AS "createTime", r.update_by AS "updateBy.id", r.update_time AS "updateTime", r.del_status AS "delStatusl" FROM sys_role r JOIN sys_user_role ur ON ur.role_id = r.id AND ur.user_id = ? WHERE r.del_status = ? ORDER BY r.name 
2016-09-15 13:17:09,231 DEBUG [jeebase.system.dao.RoleDao.getList]  ==> Parameters: 0b2ebd4d639e4c2b83c2dd0764522f24(String), 0(String)
2016-09-15 13:17:09,339 DEBUG [jeebase.system.dao.RoleDao.getList]  <==      Total: 0
2016-09-15 13:17:09,544 DEBUG [doubleview.jeebase.support.interceptor.LogInterceptor]  开始计时: 13:17:09.544  URI: /jeebase/admin/in
2016-09-15 13:17:09,554 DEBUG [doubleview.jeebase.support.interceptor.LogInterceptor]  计时结束：01:17:09.554  耗时：0:0:0.10  URI: /jeebase/admin/in  最大内存: 820m  已分配内存: 214m  已分配内存中的剩余空间: 107m  最大可用内存: 713m
2016-09-15 13:17:17,127 DEBUG [doubleview.jeebase.support.interceptor.LogInterceptor]  开始计时: 13:17:17.127  URI: /jeebase/admin/login
2016-09-15 13:17:17,130 INFO  [doubleview.jeebase.support.interceptor.LogInterceptor]  view name: redirect:/admin/main
2016-09-15 13:17:17,135 DEBUG [doubleview.jeebase.support.interceptor.LogInterceptor]  计时结束：01:17:17.135  耗时：0:0:0.8  URI: /jeebase/admin/login  最大内存: 820m  已分配内存: 214m  已分配内存中的剩余空间: 106m  最大可用内存: 712m
2016-09-15 13:17:17,352 DEBUG [doubleview.jeebase.support.interceptor.LogInterceptor]  开始计时: 13:17:17.352  URI: /jeebase/admin/main
2016-09-15 13:17:17,355 DEBUG [doubleview.jeebase.support.interceptor.LogInterceptor]  计时结束：01:17:17.355  耗时：0:0:0.3  URI: /jeebase/admin/main  最大内存: 820m  已分配内存: 214m  已分配内存中的剩余空间: 106m  最大可用内存: 712m
2016-09-15 13:17:30,337 DEBUG [doubleview.jeebase.support.interceptor.LogInterceptor]  开始计时: 13:17:30.337  URI: /jeebase/admin/index
2016-09-15 14:19:23,024 DEBUG [doubleview.jeebase.support.interceptor.LogInterceptor]  开始计时: 14:19:22.912  URI: /jeebase/admin/login
2016-09-15 14:19:23,388 INFO  [doubleview.jeebase.support.interceptor.LogInterceptor]  view name: login
2016-09-15 14:19:33,842 DEBUG [doubleview.jeebase.support.interceptor.LogInterceptor]  计时结束：02:19:33.840  耗时：0:0:10.928  URI: /jeebase/admin/login  最大内存: 820m  已分配内存: 283m  已分配内存中的剩余空间: 74m  最大可用内存: 610m
2016-09-15 14:20:35,780 DEBUG [doubleview.jeebase.system.security.SystemAuthorizingRealm]  user doubleview login submit
2016-09-15 14:20:36,917 DEBUG [jeebase.system.dao.UserDao.getByLoginName]  ==>  Preparing: SELECT u.id AS "id", u.login_name AS "loginName", u.password AS "password", u.name AS "name", u.email AS "email", u.skin AS "skin", u.phone AS "phone", u.mobile AS "mobile", u.login_ip AS "loginIp", u.login_date AS "loginDate", u.login_flag AS "loginFlag", u.remarks AS "remarks", u.create_by AS "createBy.id", u.create_time AS "createTime", u.update_by AS "updateBy.id", u.update_time AS "updateTime", u.del_status AS "delStatus", d.id AS "department.id", d.name AS "department.name", d.parent_id AS "department.parent.id", u2.id AS "department.master.id", u2.name AS "department.master.name", a.id AS "department.area.id", a.name AS "department.area.name", a.parent_id AS "department.area.parent.id" FROM sys_user u LEFT JOIN sys_department d ON d.id = u.department_id LEFT JOIN sys_user u2 ON u2.id = d.master_id LEFT JOIN sys_area a ON a.id = d.area_id WHERE u.login_name = ? AND u.del_status = "0" 
2016-09-15 14:20:37,006 DEBUG [jeebase.system.dao.UserDao.getByLoginName]  ==> Parameters: doubleview(String)
2016-09-15 14:20:37,247 DEBUG [jeebase.system.dao.UserDao.getByLoginName]  <==      Total: 1
2016-09-15 14:20:37,338 DEBUG [jeebase.system.dao.RoleDao.getList]  ==>  Preparing: SELECT r.id AS "id", r.name AS "name", r.remarks AS "remarks", r.create_by AS "createBy.id", r.create_time AS "createTime", r.update_by AS "updateBy.id", r.update_time AS "updateTime", r.del_status AS "delStatusl" FROM sys_role r JOIN sys_user_role ur ON ur.role_id = r.id AND ur.user_id = ? WHERE r.del_status = ? ORDER BY r.name 
2016-09-15 14:20:37,339 DEBUG [jeebase.system.dao.RoleDao.getList]  ==> Parameters: 0ca004d6b1bf4bcab9670a5060d82a55(String), 0(String)
2016-09-15 14:20:37,405 DEBUG [jeebase.system.dao.RoleDao.getList]  <==      Total: 0
2016-09-15 14:20:37,632 DEBUG [doubleview.jeebase.support.interceptor.LogInterceptor]  开始计时: 14:20:37.632  URI: /jeebase/admin/index
2016-09-15 14:25:36,498 INFO  [doubleview.jeebase.support.interceptor.LogInterceptor]  view name: index
2016-09-15 14:25:36,656 DEBUG [doubleview.jeebase.support.interceptor.LogInterceptor]  计时结束：02:25:36.656  耗时：0:4:59.24  URI: /jeebase/admin/index  最大内存: 820m  已分配内存: 311m  已分配内存中的剩余空间: 225m  最大可用内存: 734m
2016-09-15 14:31:43,281 DEBUG [doubleview.jeebase.support.interceptor.LogInterceptor]  开始计时: 14:31:43.277  URI: /jeebase/admin/login
2016-09-15 14:31:43,290 INFO  [doubleview.jeebase.support.interceptor.LogInterceptor]  view name: redirect:/admin/main
2016-09-15 14:31:43,330 DEBUG [doubleview.jeebase.support.interceptor.LogInterceptor]  计时结束：02:31:43.330  耗时：0:0:0.53  URI: /jeebase/admin/login  最大内存: 820m  已分配内存: 311m  已分配内存中的剩余空间: 225m  最大可用内存: 733m
2016-09-15 14:31:43,352 DEBUG [doubleview.jeebase.support.interceptor.LogInterceptor]  开始计时: 14:31:43.352  URI: /jeebase/admin/main
2016-09-15 14:31:43,357 DEBUG [doubleview.jeebase.support.interceptor.LogInterceptor]  计时结束：02:31:43.357  耗时：0:0:0.5  URI: /jeebase/admin/main  最大内存: 820m  已分配内存: 311m  已分配内存中的剩余空间: 225m  最大可用内存: 733m
2016-09-15 14:31:48,569 DEBUG [doubleview.jeebase.support.interceptor.LogInterceptor]  开始计时: 14:31:48.569  URI: /jeebase/admin/index
2016-09-15 14:31:48,571 INFO  [doubleview.jeebase.support.interceptor.LogInterceptor]  view name: index
2016-09-15 14:31:48,932 DEBUG [doubleview.jeebase.support.interceptor.LogInterceptor]  计时结束：02:31:48.928  耗时：0:0:0.359  URI: /jeebase/admin/index  最大内存: 820m  已分配内存: 311m  已分配内存中的剩余空间: 213m  最大可用内存: 722m
2016-09-15 14:31:54,617 DEBUG [doubleview.jeebase.support.interceptor.LogInterceptor]  开始计时: 14:31:54.617  URI: /jeebase/admin/index/asdf
2016-09-15 14:31:54,621 DEBUG [doubleview.jeebase.support.interceptor.LogInterceptor]  计时结束：02:31:54.620  耗时：0:0:0.3  URI: /jeebase/admin/index/asdf  最大内存: 820m  已分配内存: 311m  已分配内存中的剩余空间: 212m  最大可用内存: 721m
2016-09-15 14:32:03,536 DEBUG [doubleview.jeebase.support.interceptor.LogInterceptor]  开始计时: 14:32:03.536  URI: /jeebase/admin/index/asdf
2016-09-15 14:32:03,540 DEBUG [doubleview.jeebase.support.interceptor.LogInterceptor]  计时结束：02:32:03.539  耗时：0:0:0.3  URI: /jeebase/admin/index/asdf  最大内存: 820m  已分配内存: 311m  已分配内存中的剩余空间: 212m  最大可用内存: 721m
2016-09-15 14:32:04,181 DEBUG [doubleview.jeebase.support.interceptor.LogInterceptor]  开始计时: 14:32:04.180  URI: /jeebase/admin/index/asdf
2016-09-15 14:32:04,182 DEBUG [doubleview.jeebase.support.interceptor.LogInterceptor]  计时结束：02:32:04.182  耗时：0:0:0.2  URI: /jeebase/admin/index/asdf  最大内存: 820m  已分配内存: 311m  已分配内存中的剩余空间: 212m  最大可用内存: 721m
2016-09-15 14:32:04,723 DEBUG [doubleview.jeebase.support.interceptor.LogInterceptor]  开始计时: 14:32:04.723  URI: /jeebase/admin/index/asdf
2016-09-15 14:32:04,726 DEBUG [doubleview.jeebase.support.interceptor.LogInterceptor]  计时结束：02:32:04.725  耗时：0:0:0.2  URI: /jeebase/admin/index/asdf  最大内存: 820m  已分配内存: 311m  已分配内存中的剩余空间: 212m  最大可用内存: 721m
2016-09-15 14:32:05,074 DEBUG [doubleview.jeebase.support.interceptor.LogInterceptor]  开始计时: 14:32:05.074  URI: /jeebase/admin/index/asdf
2016-09-15 14:32:05,077 DEBUG [doubleview.jeebase.support.interceptor.LogInterceptor]  计时结束：02:32:05.076  耗时：0:0:0.2  URI: /jeebase/admin/index/asdf  最大内存: 820m  已分配内存: 311m  已分配内存中的剩余空间: 212m  最大可用内存: 721m
2016-09-15 14:32:05,373 DEBUG [doubleview.jeebase.support.interceptor.LogInterceptor]  开始计时: 14:32:05.373  URI: /jeebase/admin/index/asdf
2016-09-15 14:32:05,382 DEBUG [doubleview.jeebase.support.interceptor.LogInterceptor]  计时结束：02:32:05.381  耗时：0:0:0.8  URI: /jeebase/admin/index/asdf  最大内存: 820m  已分配内存: 311m  已分配内存中的剩余空间: 212m  最大可用内存: 721m
2016-09-15 14:32:05,677 DEBUG [doubleview.jeebase.support.interceptor.LogInterceptor]  开始计时: 14:32:05.676  URI: /jeebase/admin/index/asdf
2016-09-15 14:32:05,682 DEBUG [doubleview.jeebase.support.interceptor.LogInterceptor]  计时结束：02:32:05.678  耗时：0:0:0.2  URI: /jeebase/admin/index/asdf  最大内存: 820m  已分配内存: 311m  已分配内存中的剩余空间: 212m  最大可用内存: 721m
2016-09-15 14:32:05,937 DEBUG [doubleview.jeebase.support.interceptor.LogInterceptor]  开始计时: 14:32:05.937  URI: /jeebase/admin/index/asdf
2016-09-15 14:32:05,940 DEBUG [doubleview.jeebase.support.interceptor.LogInterceptor]  计时结束：02:32:05.939  耗时：0:0:0.2  URI: /jeebase/admin/index/asdf  最大内存: 820m  已分配内存: 311m  已分配内存中的剩余空间: 212m  最大可用内存: 721m
2016-09-15 14:32:27,047 DEBUG [doubleview.jeebase.support.interceptor.LogInterceptor]  开始计时: 14:32:27.047  URI: /jeebase/admin/index/asdf
2016-09-15 14:32:27,050 DEBUG [doubleview.jeebase.support.interceptor.LogInterceptor]  计时结束：02:32:27.050  耗时：0:0:0.3  URI: /jeebase/admin/index/asdf  最大内存: 820m  已分配内存: 311m  已分配内存中的剩余空间: 212m  最大可用内存: 721m
2016-09-15 14:32:30,695 DEBUG [doubleview.jeebase.support.interceptor.LogInterceptor]  开始计时: 14:32:30.695  URI: /jeebase/admin/index/
2016-09-15 14:32:30,697 INFO  [doubleview.jeebase.support.interceptor.LogInterceptor]  view name: index
2016-09-15 14:32:30,699 DEBUG [doubleview.jeebase.support.interceptor.LogInterceptor]  计时结束：02:32:30.699  耗时：0:0:0.4  URI: /jeebase/admin/index/  最大内存: 820m  已分配内存: 311m  已分配内存中的剩余空间: 212m  最大可用内存: 721m
2016-09-15 14:48:24,506 DEBUG [doubleview.jeebase.support.interceptor.LogInterceptor]  开始计时: 14:48:24.097  URI: /jeebase/admin/login;JSESSIONID=48a74867-569d-4437-bf0c-ac3addace63f
2016-09-15 14:48:24,552 INFO  [doubleview.jeebase.support.interceptor.LogInterceptor]  view name: login
2016-09-15 14:48:28,972 DEBUG [doubleview.jeebase.support.interceptor.LogInterceptor]  开始计时: 14:48:28.972  URI: /jeebase/admin/login
2016-09-15 14:48:28,974 INFO  [doubleview.jeebase.support.interceptor.LogInterceptor]  view name: login
2016-09-15 14:48:34,981 DEBUG [doubleview.jeebase.support.interceptor.LogInterceptor]  计时结束：02:48:34.979  耗时：0:0:10.882  URI: /jeebase/admin/login;JSESSIONID=48a74867-569d-4437-bf0c-ac3addace63f  最大内存: 820m  已分配内存: 204m  已分配内存中的剩余空间: 96m  最大可用内存: 712m
2016-09-15 14:48:34,981 DEBUG [doubleview.jeebase.support.interceptor.LogInterceptor]  计时结束：02:48:34.979  耗时：0:0:6.7  URI: /jeebase/admin/login  最大内存: 820m  已分配内存: 204m  已分配内存中的剩余空间: 96m  最大可用内存: 712m
2016-09-15 14:49:05,381 DEBUG [doubleview.jeebase.system.security.SystemAuthorizingRealm]  user null login submit
2016-09-15 14:49:05,385 DEBUG [doubleview.jeebase.support.interceptor.LogInterceptor]  开始计时: 14:49:05.384  URI: /jeebase/admin/login
2016-09-15 14:49:05,385 INFO  [doubleview.jeebase.support.interceptor.LogInterceptor]  view name: login
2016-09-15 14:49:05,388 DEBUG [doubleview.jeebase.support.interceptor.LogInterceptor]  计时结束：02:49:05.387  耗时：0:0:0.3  URI: /jeebase/admin/login  最大内存: 820m  已分配内存: 204m  已分配内存中的剩余空间: 93m  最大可用内存: 709m
2016-09-15 14:49:13,355 DEBUG [doubleview.jeebase.system.security.SystemAuthorizingRealm]  user null login submit
2016-09-15 14:49:13,356 DEBUG [doubleview.jeebase.support.interceptor.LogInterceptor]  开始计时: 14:49:13.356  URI: /jeebase/admin/login
2016-09-15 14:49:13,357 INFO  [doubleview.jeebase.support.interceptor.LogInterceptor]  view name: login
2016-09-15 14:49:13,364 DEBUG [doubleview.jeebase.support.interceptor.LogInterceptor]  计时结束：02:49:13.362  耗时：0:0:0.6  URI: /jeebase/admin/login  最大内存: 820m  已分配内存: 204m  已分配内存中的剩余空间: 93m  最大可用内存: 709m
2016-09-15 14:50:12,314 DEBUG [doubleview.jeebase.support.interceptor.LogInterceptor]  开始计时: 14:50:12.313  URI: /jeebase/admin/login
2016-09-15 14:50:12,315 INFO  [doubleview.jeebase.support.interceptor.LogInterceptor]  view name: login
2016-09-15 14:50:15,583 DEBUG [doubleview.jeebase.support.interceptor.LogInterceptor]  计时结束：02:50:15.583  耗时：0:0:3.270  URI: /jeebase/admin/login  最大内存: 820m  已分配内存: 204m  已分配内存中的剩余空间: 56m  最大可用内存: 672m
2016-09-15 14:50:40,501 DEBUG [doubleview.jeebase.system.security.SystemAuthorizingRealm]  user doubleview login submit
2016-09-15 14:50:43,670 DEBUG [jeebase.system.dao.UserDao.getByLoginName]  ==>  Preparing: SELECT u.id AS "id", u.login_name AS "loginName", u.password AS "password", u.name AS "name", u.email AS "email", u.skin AS "skin", u.phone AS "phone", u.mobile AS "mobile", u.login_ip AS "loginIp", u.login_date AS "loginDate", u.login_flag AS "loginFlag", u.remarks AS "remarks", u.create_by AS "createBy.id", u.create_time AS "createTime", u.update_by AS "updateBy.id", u.update_time AS "updateTime", u.del_status AS "delStatus", d.id AS "department.id", d.name AS "department.name", d.parent_id AS "department.parent.id", u2.id AS "department.master.id", u2.name AS "department.master.name", a.id AS "department.area.id", a.name AS "department.area.name", a.parent_id AS "department.area.parent.id" FROM sys_user u LEFT JOIN sys_department d ON d.id = u.department_id LEFT JOIN sys_user u2 ON u2.id = d.master_id LEFT JOIN sys_area a ON a.id = d.area_id WHERE u.login_name = ? AND u.del_status = "0" 
2016-09-15 14:50:44,008 DEBUG [jeebase.system.dao.UserDao.getByLoginName]  ==> Parameters: doubleview(String)
2016-09-15 14:50:52,819 DEBUG [jeebase.system.dao.UserDao.getByLoginName]  <==      Total: 1
2016-09-15 14:50:53,150 DEBUG [jeebase.system.dao.RoleDao.getList]  ==>  Preparing: SELECT r.id AS "id", r.name AS "name", r.remarks AS "remarks", r.create_by AS "createBy.id", r.create_time AS "createTime", r.update_by AS "updateBy.id", r.update_time AS "updateTime", r.del_status AS "delStatusl" FROM sys_role r JOIN sys_user_role ur ON ur.role_id = r.id AND ur.user_id = ? WHERE r.del_status = ? ORDER BY r.name 
2016-09-15 14:50:53,151 DEBUG [jeebase.system.dao.RoleDao.getList]  ==> Parameters: 0ca004d6b1bf4bcab9670a5060d82a55(String), 0(String)
2016-09-15 14:50:53,348 DEBUG [jeebase.system.dao.RoleDao.getList]  <==      Total: 0
2016-09-15 14:50:54,187 DEBUG [doubleview.jeebase.support.interceptor.LogInterceptor]  开始计时: 14:50:54.187  URI: /jeebase/admin
2016-09-15 14:50:54,977 DEBUG [doubleview.jeebase.support.interceptor.LogInterceptor]  计时结束：02:50:54.977  耗时：0:0:0.790  URI: /jeebase/admin  最大内存: 820m  已分配内存: 212m  已分配内存中的剩余空间: 128m  最大可用内存: 736m
2016-09-15 14:51:19,224 DEBUG [doubleview.jeebase.support.interceptor.LogInterceptor]  开始计时: 14:51:19.223  URI: /jeebase/admin/index
2016-09-15 14:51:19,714 INFO  [doubleview.jeebase.support.interceptor.LogInterceptor]  view name: index
2016-09-15 14:51:23,441 DEBUG [doubleview.jeebase.support.interceptor.LogInterceptor]  计时结束：02:51:23.441  耗时：0:0:4.218  URI: /jeebase/admin/index  最大内存: 820m  已分配内存: 239m  已分配内存中的剩余空间: 160m  最大可用内存: 741m
2016-09-15 14:57:24,356 DEBUG [doubleview.jeebase.support.interceptor.LogInterceptor]  开始计时: 14:57:24.348  URI: /jeebase/admin/login;JSESSIONID=ea081839-b715-47cd-8b02-cf3c57531e7c
2016-09-15 14:57:24,396 INFO  [doubleview.jeebase.support.interceptor.LogInterceptor]  view name: login
2016-09-15 14:57:30,509 DEBUG [doubleview.jeebase.support.interceptor.LogInterceptor]  计时结束：02:57:30.507  耗时：0:0:6.159  URI: /jeebase/admin/login;JSESSIONID=ea081839-b715-47cd-8b02-cf3c57531e7c  最大内存: 820m  已分配内存: 162m  已分配内存中的剩余空间: 90m  最大可用内存: 748m
2016-09-15 14:59:03,596 DEBUG [doubleview.jeebase.system.security.SystemAuthorizingRealm]  user doubleview login submit
2016-09-15 14:59:04,320 DEBUG [jeebase.system.dao.UserDao.getByLoginName]  ==>  Preparing: SELECT u.id AS "id", u.login_name AS "loginName", u.password AS "password", u.name AS "name", u.email AS "email", u.skin AS "skin", u.phone AS "phone", u.mobile AS "mobile", u.login_ip AS "loginIp", u.login_date AS "loginDate", u.login_flag AS "loginFlag", u.remarks AS "remarks", u.create_by AS "createBy.id", u.create_time AS "createTime", u.update_by AS "updateBy.id", u.update_time AS "updateTime", u.del_status AS "delStatus", d.id AS "department.id", d.name AS "department.name", d.parent_id AS "department.parent.id", u2.id AS "department.master.id", u2.name AS "department.master.name", a.id AS "department.area.id", a.name AS "department.area.name", a.parent_id AS "department.area.parent.id" FROM sys_user u LEFT JOIN sys_department d ON d.id = u.department_id LEFT JOIN sys_user u2 ON u2.id = d.master_id LEFT JOIN sys_area a ON a.id = d.area_id WHERE u.login_name = ? AND u.del_status = "0" 
2016-09-15 14:59:04,512 DEBUG [jeebase.system.dao.UserDao.getByLoginName]  ==> Parameters: doubleview(String)
2016-09-15 14:59:04,917 DEBUG [jeebase.system.dao.UserDao.getByLoginName]  <==      Total: 1
2016-09-15 14:59:05,028 DEBUG [jeebase.system.dao.RoleDao.getList]  ==>  Preparing: SELECT r.id AS "id", r.name AS "name", r.remarks AS "remarks", r.create_by AS "createBy.id", r.create_time AS "createTime", r.update_by AS "updateBy.id", r.update_time AS "updateTime", r.del_status AS "delStatusl" FROM sys_role r JOIN sys_user_role ur ON ur.role_id = r.id AND ur.user_id = ? WHERE r.del_status = ? ORDER BY r.name 
2016-09-15 14:59:05,029 DEBUG [jeebase.system.dao.RoleDao.getList]  ==> Parameters: 0ca004d6b1bf4bcab9670a5060d82a55(String), 0(String)
2016-09-15 14:59:05,069 DEBUG [jeebase.system.dao.RoleDao.getList]  <==      Total: 0
2016-09-15 14:59:05,357 DEBUG [doubleview.jeebase.support.interceptor.LogInterceptor]  开始计时: 14:59:05.357  URI: /jeebase/admin/index
2016-09-15 14:59:05,480 INFO  [doubleview.jeebase.support.interceptor.LogInterceptor]  view name: index
2016-09-15 14:59:11,892 DEBUG [doubleview.jeebase.support.interceptor.LogInterceptor]  计时结束：02:59:11.892  耗时：0:0:6.535  URI: /jeebase/admin/index  最大内存: 820m  已分配内存: 234m  已分配内存中的剩余空间: 116m  最大可用内存: 702m
2016-09-15 15:01:34,751 DEBUG [doubleview.jeebase.support.interceptor.LogInterceptor]  开始计时: 15:01:34.747  URI: /jeebase/admin/index.html
2016-09-15 15:01:34,765 INFO  [doubleview.jeebase.support.interceptor.LogInterceptor]  view name: index
2016-09-15 15:01:34,824 DEBUG [doubleview.jeebase.support.interceptor.LogInterceptor]  计时结束：03:01:34.824  耗时：0:0:0.77  URI: /jeebase/admin/index.html  最大内存: 820m  已分配内存: 234m  已分配内存中的剩余空间: 77m  最大可用内存: 663m
2016-09-15 15:01:34,933 DEBUG [doubleview.jeebase.support.interceptor.LogInterceptor]  开始计时: 15:01:34.933  URI: /jeebase/admin/index.html
2016-09-15 15:01:34,935 INFO  [doubleview.jeebase.support.interceptor.LogInterceptor]  view name: index
2016-09-15 15:01:34,972 DEBUG [doubleview.jeebase.support.interceptor.LogInterceptor]  计时结束：03:01:34.972  耗时：0:0:0.39  URI: /jeebase/admin/index.html  最大内存: 820m  已分配内存: 234m  已分配内存中的剩余空间: 77m  最大可用内存: 663m
2016-09-15 15:48:40,523 DEBUG [doubleview.jeebase.support.interceptor.LogInterceptor]  开始计时: 15:48:40.520  URI: /jeebase/admin/login;JSESSIONID=337bd35b-cc9c-471f-830c-0fd2299ef877
2016-09-15 15:48:40,558 INFO  [doubleview.jeebase.support.interceptor.LogInterceptor]  view name: login
2016-09-15 15:48:42,931 DEBUG [doubleview.jeebase.support.interceptor.LogInterceptor]  开始计时: 15:48:42.930  URI: /jeebase/admin/login
2016-09-15 15:48:42,932 INFO  [doubleview.jeebase.support.interceptor.LogInterceptor]  view name: login
2016-09-15 15:48:53,893 DEBUG [doubleview.jeebase.support.interceptor.LogInterceptor]  计时结束：03:48:53.889  耗时：0:0:13.369  URI: /jeebase/admin/login;JSESSIONID=337bd35b-cc9c-471f-830c-0fd2299ef877  最大内存: 820m  已分配内存: 183m  已分配内存中的剩余空间: 65m  最大可用内存: 701m
2016-09-15 15:48:53,893 DEBUG [doubleview.jeebase.support.interceptor.LogInterceptor]  计时结束：03:48:53.889  耗时：0:0:10.959  URI: /jeebase/admin/login  最大内存: 820m  已分配内存: 183m  已分配内存中的剩余空间: 65m  最大可用内存: 701m
2016-09-15 15:49:24,578 DEBUG [doubleview.jeebase.system.security.SystemAuthorizingRealm]  user doubleview login submit
2016-09-15 15:49:24,761 DEBUG [jeebase.system.dao.UserDao.getByLoginName]  ==>  Preparing: SELECT u.id AS "id", u.login_name AS "loginName", u.password AS "password", u.name AS "name", u.email AS "email", u.skin AS "skin", u.phone AS "phone", u.mobile AS "mobile", u.login_ip AS "loginIp", u.login_date AS "loginDate", u.login_flag AS "loginFlag", u.remarks AS "remarks", u.create_by AS "createBy.id", u.create_time AS "createTime", u.update_by AS "updateBy.id", u.update_time AS "updateTime", u.del_status AS "delStatus", d.id AS "department.id", d.name AS "department.name", d.parent_id AS "department.parent.id", u2.id AS "department.master.id", u2.name AS "department.master.name", a.id AS "department.area.id", a.name AS "department.area.name", a.parent_id AS "department.area.parent.id" FROM sys_user u LEFT JOIN sys_department d ON d.id = u.department_id LEFT JOIN sys_user u2 ON u2.id = d.master_id LEFT JOIN sys_area a ON a.id = d.area_id WHERE u.login_name = ? AND u.del_status = "0" 
2016-09-15 15:49:24,808 DEBUG [jeebase.system.dao.UserDao.getByLoginName]  ==> Parameters: doubleview(String)
2016-09-15 15:49:24,960 DEBUG [jeebase.system.dao.UserDao.getByLoginName]  <==      Total: 1
2016-09-15 15:49:25,042 DEBUG [jeebase.system.dao.RoleDao.getList]  ==>  Preparing: SELECT r.id AS "id", r.name AS "name", r.remarks AS "remarks", r.create_by AS "createBy.id", r.create_time AS "createTime", r.update_by AS "updateBy.id", r.update_time AS "updateTime", r.del_status AS "delStatusl" FROM sys_role r JOIN sys_user_role ur ON ur.role_id = r.id AND ur.user_id = ? WHERE r.del_status = ? ORDER BY r.name 
2016-09-15 15:49:25,043 DEBUG [jeebase.system.dao.RoleDao.getList]  ==> Parameters: 0ca004d6b1bf4bcab9670a5060d82a55(String), 0(String)
2016-09-15 15:49:25,046 DEBUG [jeebase.system.dao.RoleDao.getList]  <==      Total: 0
2016-09-15 15:49:25,080 DEBUG [doubleview.jeebase.support.interceptor.LogInterceptor]  开始计时: 15:49:25.080  URI: /jeebase/admin/index
2016-09-15 15:49:25,112 INFO  [doubleview.jeebase.support.interceptor.LogInterceptor]  view name: index
2016-09-15 15:49:29,642 DEBUG [doubleview.jeebase.support.interceptor.LogInterceptor]  计时结束：03:49:29.642  耗时：0:0:4.562  URI: /jeebase/admin/index  最大内存: 820m  已分配内存: 201m  已分配内存中的剩余空间: 138m  最大可用内存: 757m
2016-09-15 15:59:33,273 DEBUG [doubleview.jeebase.support.interceptor.LogInterceptor]  开始计时: 15:59:33.268  URI: /jeebase/admin/page_general_contact.html
2016-09-15 15:59:33,288 DEBUG [doubleview.jeebase.support.interceptor.LogInterceptor]  计时结束：03:59:33.287  耗时：0:0:0.19  URI: /jeebase/admin/page_general_contact.html  最大内存: 820m  已分配内存: 201m  已分配内存中的剩余空间: 120m  最大可用内存: 739m
2016-09-15 17:24:38,557 DEBUG [doubleview.jeebase.support.interceptor.LogInterceptor]  开始计时: 17:24:38.552  URI: /jeebase/admin/login;JSESSIONID=ab0c6b70-03be-4955-8035-d32919e1c57f
2016-09-15 17:24:38,576 INFO  [doubleview.jeebase.support.interceptor.LogInterceptor]  view name: login
2016-09-15 17:24:43,761 DEBUG [doubleview.jeebase.support.interceptor.LogInterceptor]  计时结束：05:24:43.760  耗时：0:0:5.208  URI: /jeebase/admin/login;JSESSIONID=ab0c6b70-03be-4955-8035-d32919e1c57f  最大内存: 820m  已分配内存: 263m  已分配内存中的剩余空间: 150m  最大可用内存: 707m
2016-09-15 17:31:54,275 DEBUG [doubleview.jeebase.system.security.SystemAuthorizingRealm]  user doubleview login submit
2016-09-15 17:31:54,665 DEBUG [jeebase.system.dao.UserDao.getByLoginName]  ==>  Preparing: SELECT u.id AS "id", u.login_name AS "loginName", u.password AS "password", u.name AS "name", u.email AS "email", u.skin AS "skin", u.phone AS "phone", u.mobile AS "mobile", u.login_ip AS "loginIp", u.login_date AS "loginDate", u.login_flag AS "loginFlag", u.remarks AS "remarks", u.create_by AS "createBy.id", u.create_time AS "createTime", u.update_by AS "updateBy.id", u.update_time AS "updateTime", u.del_status AS "delStatus", d.id AS "department.id", d.name AS "department.name", d.parent_id AS "department.parent.id", u2.id AS "department.master.id", u2.name AS "department.master.name", a.id AS "department.area.id", a.name AS "department.area.name", a.parent_id AS "department.area.parent.id" FROM sys_user u LEFT JOIN sys_department d ON d.id = u.department_id LEFT JOIN sys_user u2 ON u2.id = d.master_id LEFT JOIN sys_area a ON a.id = d.area_id WHERE u.login_name = ? AND u.del_status = "0" 
2016-09-15 17:31:54,755 DEBUG [jeebase.system.dao.UserDao.getByLoginName]  ==> Parameters: doubleview(String)
2016-09-15 17:31:55,007 DEBUG [jeebase.system.dao.UserDao.getByLoginName]  <==      Total: 1
2016-09-15 17:31:55,106 DEBUG [jeebase.system.dao.RoleDao.getList]  ==>  Preparing: SELECT r.id AS "id", r.name AS "name", r.remarks AS "remarks", r.create_by AS "createBy.id", r.create_time AS "createTime", r.update_by AS "updateBy.id", r.update_time AS "updateTime", r.del_status AS "delStatusl" FROM sys_role r JOIN sys_user_role ur ON ur.role_id = r.id AND ur.user_id = ? WHERE r.del_status = ? ORDER BY r.name 
2016-09-15 17:31:55,107 DEBUG [jeebase.system.dao.RoleDao.getList]  ==> Parameters: 0ca004d6b1bf4bcab9670a5060d82a55(String), 0(String)
2016-09-15 17:31:55,109 DEBUG [jeebase.system.dao.RoleDao.getList]  <==      Total: 0
2016-09-15 17:31:55,166 DEBUG [doubleview.jeebase.support.interceptor.LogInterceptor]  开始计时: 17:31:55.166  URI: /jeebase/admin/index
2016-09-15 17:31:55,234 INFO  [doubleview.jeebase.support.interceptor.LogInterceptor]  view name: index
2016-09-15 17:32:01,390 DEBUG [doubleview.jeebase.support.interceptor.LogInterceptor]  计时结束：05:32:01.390  耗时：0:0:6.224  URI: /jeebase/admin/index  最大内存: 820m  已分配内存: 324m  已分配内存中的剩余空间: 197m  最大可用内存: 693m
2016-09-15 17:32:33,973 DEBUG [doubleview.jeebase.support.interceptor.LogInterceptor]  开始计时: 17:32:33.972  URI: /jeebase/admin/login;JSESSIONID=14f7b1ae-28ae-468c-9814-10b7cf7ee9a2
2016-09-15 17:32:33,973 INFO  [doubleview.jeebase.support.interceptor.LogInterceptor]  view name: login
2016-09-15 17:32:33,979 DEBUG [doubleview.jeebase.support.interceptor.LogInterceptor]  计时结束：05:32:33.979  耗时：0:0:0.7  URI: /jeebase/admin/login;JSESSIONID=14f7b1ae-28ae-468c-9814-10b7cf7ee9a2  最大内存: 820m  已分配内存: 324m  已分配内存中的剩余空间: 183m  最大可用内存: 679m
2016-09-15 17:32:55,365 DEBUG [doubleview.jeebase.system.security.SystemAuthorizingRealm]  user doubleview login submit
2016-09-15 17:32:55,368 DEBUG [jeebase.system.dao.UserDao.getByLoginName]  ==>  Preparing: SELECT u.id AS "id", u.login_name AS "loginName", u.password AS "password", u.name AS "name", u.email AS "email", u.skin AS "skin", u.phone AS "phone", u.mobile AS "mobile", u.login_ip AS "loginIp", u.login_date AS "loginDate", u.login_flag AS "loginFlag", u.remarks AS "remarks", u.create_by AS "createBy.id", u.create_time AS "createTime", u.update_by AS "updateBy.id", u.update_time AS "updateTime", u.del_status AS "delStatus", d.id AS "department.id", d.name AS "department.name", d.parent_id AS "department.parent.id", u2.id AS "department.master.id", u2.name AS "department.master.name", a.id AS "department.area.id", a.name AS "department.area.name", a.parent_id AS "department.area.parent.id" FROM sys_user u LEFT JOIN sys_department d ON d.id = u.department_id LEFT JOIN sys_user u2 ON u2.id = d.master_id LEFT JOIN sys_area a ON a.id = d.area_id WHERE u.login_name = ? AND u.del_status = "0" 
2016-09-15 17:32:55,369 DEBUG [jeebase.system.dao.UserDao.getByLoginName]  ==> Parameters: doubleview(String)
2016-09-15 17:32:55,376 DEBUG [jeebase.system.dao.UserDao.getByLoginName]  <==      Total: 1
2016-09-15 17:32:55,377 DEBUG [jeebase.system.dao.RoleDao.getList]  ==>  Preparing: SELECT r.id AS "id", r.name AS "name", r.remarks AS "remarks", r.create_by AS "createBy.id", r.create_time AS "createTime", r.update_by AS "updateBy.id", r.update_time AS "updateTime", r.del_status AS "delStatusl" FROM sys_role r JOIN sys_user_role ur ON ur.role_id = r.id AND ur.user_id = ? WHERE r.del_status = ? ORDER BY r.name 
2016-09-15 17:32:55,378 DEBUG [jeebase.system.dao.RoleDao.getList]  ==> Parameters: 0ca004d6b1bf4bcab9670a5060d82a55(String), 0(String)
2016-09-15 17:32:55,380 DEBUG [jeebase.system.dao.RoleDao.getList]  <==      Total: 0
2016-09-15 17:33:50,429 DEBUG [doubleview.jeebase.support.interceptor.LogInterceptor]  开始计时: 17:33:50.428  URI: /jeebase/admin/login
2016-09-15 17:33:50,430 INFO  [doubleview.jeebase.support.interceptor.LogInterceptor]  view name: redirect:/admin/main
2016-09-15 17:33:50,507 DEBUG [doubleview.jeebase.support.interceptor.LogInterceptor]  计时结束：05:33:50.507  耗时：0:0:0.79  URI: /jeebase/admin/login  最大内存: 820m  已分配内存: 324m  已分配内存中的剩余空间: 158m  最大可用内存: 654m
2016-09-15 17:33:50,671 DEBUG [doubleview.jeebase.support.interceptor.LogInterceptor]  开始计时: 17:33:50.670  URI: /jeebase/admin/main
2016-09-15 17:33:50,675 DEBUG [doubleview.jeebase.support.interceptor.LogInterceptor]  计时结束：05:33:50.674  耗时：0:0:0.4  URI: /jeebase/admin/main  最大内存: 820m  已分配内存: 324m  已分配内存中的剩余空间: 158m  最大可用内存: 654m
2016-09-15 17:33:59,784 DEBUG [doubleview.jeebase.support.interceptor.LogInterceptor]  开始计时: 17:33:59.783  URI: /jeebase/admin/index
2016-09-15 17:33:59,786 INFO  [doubleview.jeebase.support.interceptor.LogInterceptor]  view name: index
2016-09-15 17:33:59,810 DEBUG [doubleview.jeebase.support.interceptor.LogInterceptor]  计时结束：05:33:59.810  耗时：0:0:0.27  URI: /jeebase/admin/index  最大内存: 820m  已分配内存: 324m  已分配内存中的剩余空间: 158m  最大可用内存: 653m
2016-09-15 17:34:29,718 DEBUG [doubleview.jeebase.support.interceptor.LogInterceptor]  开始计时: 17:34:29.718  URI: /jeebase/admin/login;JSESSIONID=1490cd96-7a88-4a76-aec2-d3e34e613497
2016-09-15 17:34:29,719 INFO  [doubleview.jeebase.support.interceptor.LogInterceptor]  view name: login
2016-09-15 17:34:29,720 DEBUG [doubleview.jeebase.support.interceptor.LogInterceptor]  计时结束：05:34:29.720  耗时：0:0:0.2  URI: /jeebase/admin/login;JSESSIONID=1490cd96-7a88-4a76-aec2-d3e34e613497  最大内存: 820m  已分配内存: 324m  已分配内存中的剩余空间: 157m  最大可用内存: 652m
2016-09-15 17:34:47,613 DEBUG [doubleview.jeebase.system.security.SystemAuthorizingRealm]  user doubleview login submit
2016-09-15 17:34:47,618 DEBUG [jeebase.system.dao.UserDao.getByLoginName]  ==>  Preparing: SELECT u.id AS "id", u.login_name AS "loginName", u.password AS "password", u.name AS "name", u.email AS "email", u.skin AS "skin", u.phone AS "phone", u.mobile AS "mobile", u.login_ip AS "loginIp", u.login_date AS "loginDate", u.login_flag AS "loginFlag", u.remarks AS "remarks", u.create_by AS "createBy.id", u.create_time AS "createTime", u.update_by AS "updateBy.id", u.update_time AS "updateTime", u.del_status AS "delStatus", d.id AS "department.id", d.name AS "department.name", d.parent_id AS "department.parent.id", u2.id AS "department.master.id", u2.name AS "department.master.name", a.id AS "department.area.id", a.name AS "department.area.name", a.parent_id AS "department.area.parent.id" FROM sys_user u LEFT JOIN sys_department d ON d.id = u.department_id LEFT JOIN sys_user u2 ON u2.id = d.master_id LEFT JOIN sys_area a ON a.id = d.area_id WHERE u.login_name = ? AND u.del_status = "0" 
2016-09-15 17:34:47,619 DEBUG [jeebase.system.dao.UserDao.getByLoginName]  ==> Parameters: doubleview(String)
2016-09-15 17:34:47,624 DEBUG [jeebase.system.dao.UserDao.getByLoginName]  <==      Total: 1
2016-09-15 17:34:47,626 DEBUG [jeebase.system.dao.RoleDao.getList]  ==>  Preparing: SELECT r.id AS "id", r.name AS "name", r.remarks AS "remarks", r.create_by AS "createBy.id", r.create_time AS "createTime", r.update_by AS "updateBy.id", r.update_time AS "updateTime", r.del_status AS "delStatusl" FROM sys_role r JOIN sys_user_role ur ON ur.role_id = r.id AND ur.user_id = ? WHERE r.del_status = ? ORDER BY r.name 
2016-09-15 17:34:47,627 DEBUG [jeebase.system.dao.RoleDao.getList]  ==> Parameters: 0ca004d6b1bf4bcab9670a5060d82a55(String), 0(String)
2016-09-15 17:34:47,629 DEBUG [jeebase.system.dao.RoleDao.getList]  <==      Total: 0
2016-09-15 17:35:07,255 DEBUG [doubleview.jeebase.support.interceptor.LogInterceptor]  开始计时: 17:35:07.255  URI: /jeebase/admin
2016-09-15 17:35:07,257 DEBUG [doubleview.jeebase.support.interceptor.LogInterceptor]  计时结束：05:35:07.257  耗时：0:0:0.2  URI: /jeebase/admin  最大内存: 820m  已分配内存: 324m  已分配内存中的剩余空间: 155m  最大可用内存: 651m
2016-09-15 17:35:18,964 DEBUG [doubleview.jeebase.support.interceptor.LogInterceptor]  开始计时: 17:35:18.964  URI: /jeebase/admin/login
2016-09-15 17:35:18,965 INFO  [doubleview.jeebase.support.interceptor.LogInterceptor]  view name: redirect:/admin/main
2016-09-15 17:35:18,966 DEBUG [doubleview.jeebase.support.interceptor.LogInterceptor]  计时结束：05:35:18.966  耗时：0:0:0.2  URI: /jeebase/admin/login  最大内存: 820m  已分配内存: 324m  已分配内存中的剩余空间: 155m  最大可用内存: 651m
2016-09-15 17:35:18,975 DEBUG [doubleview.jeebase.support.interceptor.LogInterceptor]  开始计时: 17:35:18.974  URI: /jeebase/admin/main
2016-09-15 17:35:18,977 DEBUG [doubleview.jeebase.support.interceptor.LogInterceptor]  计时结束：05:35:18.977  耗时：0:0:0.3  URI: /jeebase/admin/main  最大内存: 820m  已分配内存: 324m  已分配内存中的剩余空间: 155m  最大可用内存: 651m
2016-09-15 17:35:24,989 DEBUG [doubleview.jeebase.support.interceptor.LogInterceptor]  开始计时: 17:35:24.988  URI: /jeebase/admin/login
2016-09-15 17:35:24,990 INFO  [doubleview.jeebase.support.interceptor.LogInterceptor]  view name: redirect:/admin/main
2016-09-15 17:35:24,991 DEBUG [doubleview.jeebase.support.interceptor.LogInterceptor]  计时结束：05:35:24.991  耗时：0:0:0.3  URI: /jeebase/admin/login  最大内存: 820m  已分配内存: 324m  已分配内存中的剩余空间: 155m  最大可用内存: 651m
2016-09-15 17:35:24,999 DEBUG [doubleview.jeebase.support.interceptor.LogInterceptor]  开始计时: 17:35:24.999  URI: /jeebase/admin/main
2016-09-15 17:35:25,000 DEBUG [doubleview.jeebase.support.interceptor.LogInterceptor]  计时结束：05:35:25.000  耗时：0:0:0.1  URI: /jeebase/admin/main  最大内存: 820m  已分配内存: 324m  已分配内存中的剩余空间: 155m  最大可用内存: 651m
2016-09-15 17:35:29,257 DEBUG [doubleview.jeebase.support.interceptor.LogInterceptor]  开始计时: 17:35:29.257  URI: /jeebase/admin/index
2016-09-15 17:35:29,258 INFO  [doubleview.jeebase.support.interceptor.LogInterceptor]  view name: index
2016-09-15 17:35:29,273 DEBUG [doubleview.jeebase.support.interceptor.LogInterceptor]  计时结束：05:35:29.272  耗时：0:0:0.15  URI: /jeebase/admin/index  最大内存: 820m  已分配内存: 324m  已分配内存中的剩余空间: 155m  最大可用内存: 650m
2016-09-15 17:36:06,378 DEBUG [doubleview.jeebase.support.interceptor.LogInterceptor]  开始计时: 17:36:06.378  URI: /jeebase/admin/login;JSESSIONID=733f0bbd-b0b7-460a-a5df-84c7b0940de1
2016-09-15 17:36:06,380 INFO  [doubleview.jeebase.support.interceptor.LogInterceptor]  view name: login
2016-09-15 17:36:06,383 DEBUG [doubleview.jeebase.support.interceptor.LogInterceptor]  计时结束：05:36:06.383  耗时：0:0:0.5  URI: /jeebase/admin/login;JSESSIONID=733f0bbd-b0b7-460a-a5df-84c7b0940de1  最大内存: 820m  已分配内存: 324m  已分配内存中的剩余空间: 154m  最大可用内存: 650m
2016-09-15 17:37:18,424 DEBUG [doubleview.jeebase.system.security.SystemAuthorizingRealm]  user doubleview login submit
2016-09-15 17:37:18,448 DEBUG [doubleview.jeebase.support.interceptor.LogInterceptor]  开始计时: 17:37:18.448  URI: /jeebase/admin/login
2016-09-15 17:37:18,449 INFO  [doubleview.jeebase.support.interceptor.LogInterceptor]  view name: login
2016-09-15 17:37:18,451 DEBUG [doubleview.jeebase.support.interceptor.LogInterceptor]  计时结束：05:37:18.451  耗时：0:0:0.3  URI: /jeebase/admin/login  最大内存: 820m  已分配内存: 324m  已分配内存中的剩余空间: 154m  最大可用内存: 649m
2016-09-15 17:38:21,201 DEBUG [doubleview.jeebase.system.security.SystemAuthorizingRealm]  user doubleview login submit
2016-09-15 17:38:21,204 DEBUG [jeebase.system.dao.UserDao.getByLoginName]  ==>  Preparing: SELECT u.id AS "id", u.login_name AS "loginName", u.password AS "password", u.name AS "name", u.email AS "email", u.skin AS "skin", u.phone AS "phone", u.mobile AS "mobile", u.login_ip AS "loginIp", u.login_date AS "loginDate", u.login_flag AS "loginFlag", u.remarks AS "remarks", u.create_by AS "createBy.id", u.create_time AS "createTime", u.update_by AS "updateBy.id", u.update_time AS "updateTime", u.del_status AS "delStatus", d.id AS "department.id", d.name AS "department.name", d.parent_id AS "department.parent.id", u2.id AS "department.master.id", u2.name AS "department.master.name", a.id AS "department.area.id", a.name AS "department.area.name", a.parent_id AS "department.area.parent.id" FROM sys_user u LEFT JOIN sys_department d ON d.id = u.department_id LEFT JOIN sys_user u2 ON u2.id = d.master_id LEFT JOIN sys_area a ON a.id = d.area_id WHERE u.login_name = ? AND u.del_status = "0" 
2016-09-15 17:38:21,206 DEBUG [jeebase.system.dao.UserDao.getByLoginName]  ==> Parameters: doubleview(String)
2016-09-15 17:38:21,248 DEBUG [jeebase.system.dao.UserDao.getByLoginName]  <==      Total: 1
2016-09-15 17:38:21,250 DEBUG [jeebase.system.dao.RoleDao.getList]  ==>  Preparing: SELECT r.id AS "id", r.name AS "name", r.remarks AS "remarks", r.create_by AS "createBy.id", r.create_time AS "createTime", r.update_by AS "updateBy.id", r.update_time AS "updateTime", r.del_status AS "delStatusl" FROM sys_role r JOIN sys_user_role ur ON ur.role_id = r.id AND ur.user_id = ? WHERE r.del_status = ? ORDER BY r.name 
2016-09-15 17:38:21,252 DEBUG [jeebase.system.dao.RoleDao.getList]  ==> Parameters: 0ca004d6b1bf4bcab9670a5060d82a55(String), 0(String)
2016-09-15 17:38:21,289 DEBUG [jeebase.system.dao.RoleDao.getList]  <==      Total: 0
2016-09-15 17:40:44,553 DEBUG [doubleview.jeebase.support.interceptor.LogInterceptor]  开始计时: 17:40:44.553  URI: /jeebase/admin/login
2016-09-15 17:40:44,555 INFO  [doubleview.jeebase.support.interceptor.LogInterceptor]  view name: redirect:/admin/main
2016-09-15 17:40:44,556 DEBUG [doubleview.jeebase.support.interceptor.LogInterceptor]  计时结束：05:40:44.556  耗时：0:0:0.3  URI: /jeebase/admin/login  最大内存: 820m  已分配内存: 324m  已分配内存中的剩余空间: 152m  最大可用内存: 648m
2016-09-15 17:40:44,572 DEBUG [doubleview.jeebase.support.interceptor.LogInterceptor]  开始计时: 17:40:44.572  URI: /jeebase/admin/main
2016-09-15 17:40:44,576 DEBUG [doubleview.jeebase.support.interceptor.LogInterceptor]  计时结束：05:40:44.575  耗时：0:0:0.3  URI: /jeebase/admin/main  最大内存: 820m  已分配内存: 324m  已分配内存中的剩余空间: 152m  最大可用内存: 648m
2016-09-15 17:40:45,584 DEBUG [doubleview.jeebase.support.interceptor.LogInterceptor]  开始计时: 17:40:45.583  URI: /jeebase/admin/login
2016-09-15 17:40:45,585 INFO  [doubleview.jeebase.support.interceptor.LogInterceptor]  view name: redirect:/admin/main
2016-09-15 17:40:45,587 DEBUG [doubleview.jeebase.support.interceptor.LogInterceptor]  计时结束：05:40:45.586  耗时：0:0:0.3  URI: /jeebase/admin/login  最大内存: 820m  已分配内存: 324m  已分配内存中的剩余空间: 152m  最大可用内存: 648m
2016-09-15 17:40:45,595 DEBUG [doubleview.jeebase.support.interceptor.LogInterceptor]  开始计时: 17:40:45.595  URI: /jeebase/admin/main
2016-09-15 17:40:45,597 DEBUG [doubleview.jeebase.support.interceptor.LogInterceptor]  计时结束：05:40:45.597  耗时：0:0:0.2  URI: /jeebase/admin/main  最大内存: 820m  已分配内存: 324m  已分配内存中的剩余空间: 152m  最大可用内存: 648m
2016-09-15 17:42:19,191 DEBUG [doubleview.jeebase.support.interceptor.LogInterceptor]  开始计时: 17:42:19.186  URI: /jeebase/admin/login;JSESSIONID=a19afeb3-5022-4e7c-bafb-afdfa5ac214f
2016-09-15 17:42:19,207 INFO  [doubleview.jeebase.support.interceptor.LogInterceptor]  view name: login
2016-09-15 17:42:19,924 DEBUG [doubleview.jeebase.support.interceptor.LogInterceptor]  开始计时: 17:42:19.924  URI: /jeebase/admin/login
2016-09-15 17:42:19,929 INFO  [doubleview.jeebase.support.interceptor.LogInterceptor]  view name: login
2016-09-15 17:42:21,473 DEBUG [doubleview.jeebase.support.interceptor.LogInterceptor]  计时结束：05:42:21.470  耗时：0:0:2.284  URI: /jeebase/admin/login;JSESSIONID=a19afeb3-5022-4e7c-bafb-afdfa5ac214f  最大内存: 820m  已分配内存: 223m  已分配内存中的剩余空间: 139m  最大可用内存: 736m
2016-09-15 17:42:21,474 DEBUG [doubleview.jeebase.support.interceptor.LogInterceptor]  计时结束：05:42:21.470  耗时：0:0:1.546  URI: /jeebase/admin/login  最大内存: 820m  已分配内存: 223m  已分配内存中的剩余空间: 139m  最大可用内存: 736m
2016-09-15 17:43:04,597 DEBUG [doubleview.jeebase.system.security.SystemAuthorizingRealm]  user doubleview login submit
2016-09-15 17:43:04,857 DEBUG [jeebase.system.dao.UserDao.getByLoginName]  ==>  Preparing: SELECT u.id AS "id", u.login_name AS "loginName", u.password AS "password", u.name AS "name", u.email AS "email", u.skin AS "skin", u.phone AS "phone", u.mobile AS "mobile", u.login_ip AS "loginIp", u.login_date AS "loginDate", u.login_flag AS "loginFlag", u.remarks AS "remarks", u.create_by AS "createBy.id", u.create_time AS "createTime", u.update_by AS "updateBy.id", u.update_time AS "updateTime", u.del_status AS "delStatus", d.id AS "department.id", d.name AS "department.name", d.parent_id AS "department.parent.id", u2.id AS "department.master.id", u2.name AS "department.master.name", a.id AS "department.area.id", a.name AS "department.area.name", a.parent_id AS "department.area.parent.id" FROM sys_user u LEFT JOIN sys_department d ON d.id = u.department_id LEFT JOIN sys_user u2 ON u2.id = d.master_id LEFT JOIN sys_area a ON a.id = d.area_id WHERE u.login_name = ? AND u.del_status = "0" 
2016-09-15 17:43:04,959 DEBUG [jeebase.system.dao.UserDao.getByLoginName]  ==> Parameters: doubleview(String)
2016-09-15 17:43:05,051 DEBUG [jeebase.system.dao.UserDao.getByLoginName]  <==      Total: 1
2016-09-15 17:43:05,195 DEBUG [jeebase.system.dao.RoleDao.getList]  ==>  Preparing: SELECT r.id AS "id", r.name AS "name", r.remarks AS "remarks", r.create_by AS "createBy.id", r.create_time AS "createTime", r.update_by AS "updateBy.id", r.update_time AS "updateTime", r.del_status AS "delStatusl" FROM sys_role r JOIN sys_user_role ur ON ur.role_id = r.id AND ur.user_id = ? WHERE r.del_status = ? ORDER BY r.name 
2016-09-15 17:43:05,195 DEBUG [jeebase.system.dao.RoleDao.getList]  ==> Parameters: 0ca004d6b1bf4bcab9670a5060d82a55(String), 0(String)
2016-09-15 17:43:05,237 DEBUG [jeebase.system.dao.RoleDao.getList]  <==      Total: 0
2016-09-15 17:43:05,273 DEBUG [doubleview.jeebase.support.interceptor.LogInterceptor]  开始计时: 17:43:05.273  URI: /jeebase/admin/index
2016-09-15 17:43:05,288 INFO  [doubleview.jeebase.support.interceptor.LogInterceptor]  view name: index
2016-09-15 17:43:09,314 DEBUG [doubleview.jeebase.support.interceptor.LogInterceptor]  计时结束：05:43:09.313  耗时：0:0:4.40  URI: /jeebase/admin/index  最大内存: 820m  已分配内存: 274m  已分配内存中的剩余空间: 193m  最大可用内存: 739m
2016-09-15 17:43:28,506 DEBUG [doubleview.jeebase.support.interceptor.LogInterceptor]  开始计时: 17:43:28.506  URI: /jeebase/admin/login;JSESSIONID=d71d557c-50c2-490c-a16b-750313cfe928
2016-09-15 17:43:28,507 INFO  [doubleview.jeebase.support.interceptor.LogInterceptor]  view name: login
2016-09-15 17:43:28,511 DEBUG [doubleview.jeebase.support.interceptor.LogInterceptor]  计时结束：05:43:28.511  耗时：0:0:0.5  URI: /jeebase/admin/login;JSESSIONID=d71d557c-50c2-490c-a16b-750313cfe928  最大内存: 820m  已分配内存: 274m  已分配内存中的剩余空间: 178m  最大可用内存: 724m
2016-09-15 17:43:38,668 DEBUG [doubleview.jeebase.system.security.SystemAuthorizingRealm]  user doubleview login submit
2016-09-15 17:43:38,674 DEBUG [jeebase.system.dao.UserDao.getByLoginName]  ==>  Preparing: SELECT u.id AS "id", u.login_name AS "loginName", u.password AS "password", u.name AS "name", u.email AS "email", u.skin AS "skin", u.phone AS "phone", u.mobile AS "mobile", u.login_ip AS "loginIp", u.login_date AS "loginDate", u.login_flag AS "loginFlag", u.remarks AS "remarks", u.create_by AS "createBy.id", u.create_time AS "createTime", u.update_by AS "updateBy.id", u.update_time AS "updateTime", u.del_status AS "delStatus", d.id AS "department.id", d.name AS "department.name", d.parent_id AS "department.parent.id", u2.id AS "department.master.id", u2.name AS "department.master.name", a.id AS "department.area.id", a.name AS "department.area.name", a.parent_id AS "department.area.parent.id" FROM sys_user u LEFT JOIN sys_department d ON d.id = u.department_id LEFT JOIN sys_user u2 ON u2.id = d.master_id LEFT JOIN sys_area a ON a.id = d.area_id WHERE u.login_name = ? AND u.del_status = "0" 
2016-09-15 17:43:38,676 DEBUG [jeebase.system.dao.UserDao.getByLoginName]  ==> Parameters: doubleview(String)
2016-09-15 17:43:38,757 DEBUG [jeebase.system.dao.UserDao.getByLoginName]  <==      Total: 1
2016-09-15 17:43:38,758 DEBUG [jeebase.system.dao.RoleDao.getList]  ==>  Preparing: SELECT r.id AS "id", r.name AS "name", r.remarks AS "remarks", r.create_by AS "createBy.id", r.create_time AS "createTime", r.update_by AS "updateBy.id", r.update_time AS "updateTime", r.del_status AS "delStatusl" FROM sys_role r JOIN sys_user_role ur ON ur.role_id = r.id AND ur.user_id = ? WHERE r.del_status = ? ORDER BY r.name 
2016-09-15 17:43:38,759 DEBUG [jeebase.system.dao.RoleDao.getList]  ==> Parameters: 0ca004d6b1bf4bcab9670a5060d82a55(String), 0(String)
2016-09-15 17:43:38,761 DEBUG [jeebase.system.dao.RoleDao.getList]  <==      Total: 0
2016-09-15 17:46:35,218 DEBUG [doubleview.jeebase.support.interceptor.LogInterceptor]  开始计时: 17:46:35.208  URI: /jeebase/admin
2016-09-15 17:46:35,227 DEBUG [doubleview.jeebase.support.interceptor.LogInterceptor]  计时结束：05:46:35.226  耗时：0:0:0.18  URI: /jeebase/admin  最大内存: 820m  已分配内存: 274m  已分配内存中的剩余空间: 150m  最大可用内存: 696m
2016-09-15 17:46:38,250 DEBUG [doubleview.jeebase.support.interceptor.LogInterceptor]  开始计时: 17:46:38.250  URI: /jeebase/admin/index
2016-09-15 17:46:38,259 INFO  [doubleview.jeebase.support.interceptor.LogInterceptor]  view name: index
2016-09-15 17:46:38,282 DEBUG [doubleview.jeebase.support.interceptor.LogInterceptor]  计时结束：05:46:38.282  耗时：0:0:0.32  URI: /jeebase/admin/index  最大内存: 820m  已分配内存: 274m  已分配内存中的剩余空间: 150m  最大可用内存: 696m
2016-09-15 17:46:38,813 DEBUG [doubleview.jeebase.support.interceptor.LogInterceptor]  开始计时: 17:46:38.813  URI: /jeebase/admin/index
2016-09-15 17:46:38,814 INFO  [doubleview.jeebase.support.interceptor.LogInterceptor]  view name: index
2016-09-15 17:46:38,833 DEBUG [doubleview.jeebase.support.interceptor.LogInterceptor]  计时结束：05:46:38.833  耗时：0:0:0.20  URI: /jeebase/admin/index  最大内存: 820m  已分配内存: 274m  已分配内存中的剩余空间: 148m  最大可用内存: 694m
2016-09-15 17:47:01,035 DEBUG [doubleview.jeebase.support.interceptor.LogInterceptor]  开始计时: 17:47:01.035  URI: /jeebase/admin/login
2016-09-15 17:47:01,037 INFO  [doubleview.jeebase.support.interceptor.LogInterceptor]  view name: redirect:/admin/index
2016-09-15 17:47:01,067 DEBUG [doubleview.jeebase.support.interceptor.LogInterceptor]  计时结束：05:47:01.067  耗时：0:0:0.32  URI: /jeebase/admin/login  最大内存: 820m  已分配内存: 274m  已分配内存中的剩余空间: 148m  最大可用内存: 694m
2016-09-15 17:47:01,076 DEBUG [doubleview.jeebase.support.interceptor.LogInterceptor]  开始计时: 17:47:01.076  URI: /jeebase/admin/index
2016-09-15 17:47:01,077 INFO  [doubleview.jeebase.support.interceptor.LogInterceptor]  view name: index
2016-09-15 17:47:01,094 DEBUG [doubleview.jeebase.support.interceptor.LogInterceptor]  计时结束：05:47:01.094  耗时：0:0:0.18  URI: /jeebase/admin/index  最大内存: 820m  已分配内存: 274m  已分配内存中的剩余空间: 148m  最大可用内存: 694m
2016-09-15 17:47:02,777 DEBUG [doubleview.jeebase.support.interceptor.LogInterceptor]  开始计时: 17:47:02.777  URI: /jeebase/admin/login
2016-09-15 17:47:02,778 INFO  [doubleview.jeebase.support.interceptor.LogInterceptor]  view name: redirect:/admin/index
2016-09-15 17:47:02,779 DEBUG [doubleview.jeebase.support.interceptor.LogInterceptor]  计时结束：05:47:02.779  耗时：0:0:0.2  URI: /jeebase/admin/login  最大内存: 820m  已分配内存: 274m  已分配内存中的剩余空间: 148m  最大可用内存: 694m
2016-09-15 17:47:02,804 DEBUG [doubleview.jeebase.support.interceptor.LogInterceptor]  开始计时: 17:47:02.804  URI: /jeebase/admin/index
2016-09-15 17:47:02,805 INFO  [doubleview.jeebase.support.interceptor.LogInterceptor]  view name: index
2016-09-15 17:47:02,827 DEBUG [doubleview.jeebase.support.interceptor.LogInterceptor]  计时结束：05:47:02.827  耗时：0:0:0.23  URI: /jeebase/admin/index  最大内存: 820m  已分配内存: 274m  已分配内存中的剩余空间: 147m  最大可用内存: 693m
2016-09-15 17:47:18,117 DEBUG [doubleview.jeebase.support.interceptor.LogInterceptor]  开始计时: 17:47:18.117  URI: /jeebase/admin/login;JSESSIONID=d6bc6ecd-f497-4a27-aa12-a7649b9822ec
2016-09-15 17:47:18,118 INFO  [doubleview.jeebase.support.interceptor.LogInterceptor]  view name: login
2016-09-15 17:47:18,121 DEBUG [doubleview.jeebase.support.interceptor.LogInterceptor]  计时结束：05:47:18.120  耗时：0:0:0.3  URI: /jeebase/admin/login;JSESSIONID=d6bc6ecd-f497-4a27-aa12-a7649b9822ec  最大内存: 820m  已分配内存: 274m  已分配内存中的剩余空间: 147m  最大可用内存: 693m
2016-09-15 17:47:31,882 DEBUG [doubleview.jeebase.system.security.SystemAuthorizingRealm]  user doubleview login submit
2016-09-15 17:47:31,947 DEBUG [jeebase.system.dao.UserDao.getByLoginName]  ==>  Preparing: SELECT u.id AS "id", u.login_name AS "loginName", u.password AS "password", u.name AS "name", u.email AS "email", u.skin AS "skin", u.phone AS "phone", u.mobile AS "mobile", u.login_ip AS "loginIp", u.login_date AS "loginDate", u.login_flag AS "loginFlag", u.remarks AS "remarks", u.create_by AS "createBy.id", u.create_time AS "createTime", u.update_by AS "updateBy.id", u.update_time AS "updateTime", u.del_status AS "delStatus", d.id AS "department.id", d.name AS "department.name", d.parent_id AS "department.parent.id", u2.id AS "department.master.id", u2.name AS "department.master.name", a.id AS "department.area.id", a.name AS "department.area.name", a.parent_id AS "department.area.parent.id" FROM sys_user u LEFT JOIN sys_department d ON d.id = u.department_id LEFT JOIN sys_user u2 ON u2.id = d.master_id LEFT JOIN sys_area a ON a.id = d.area_id WHERE u.login_name = ? AND u.del_status = "0" 
2016-09-15 17:47:31,950 DEBUG [jeebase.system.dao.UserDao.getByLoginName]  ==> Parameters: doubleview(String)
2016-09-15 17:47:32,009 DEBUG [jeebase.system.dao.UserDao.getByLoginName]  <==      Total: 1
2016-09-15 17:47:32,011 DEBUG [jeebase.system.dao.RoleDao.getList]  ==>  Preparing: SELECT r.id AS "id", r.name AS "name", r.remarks AS "remarks", r.create_by AS "createBy.id", r.create_time AS "createTime", r.update_by AS "updateBy.id", r.update_time AS "updateTime", r.del_status AS "delStatusl" FROM sys_role r JOIN sys_user_role ur ON ur.role_id = r.id AND ur.user_id = ? WHERE r.del_status = ? ORDER BY r.name 
2016-09-15 17:47:32,012 DEBUG [jeebase.system.dao.RoleDao.getList]  ==> Parameters: 0ca004d6b1bf4bcab9670a5060d82a55(String), 0(String)
2016-09-15 17:47:32,015 DEBUG [jeebase.system.dao.RoleDao.getList]  <==      Total: 0
2016-09-15 17:48:20,921 DEBUG [doubleview.jeebase.support.interceptor.LogInterceptor]  开始计时: 17:48:20.921  URI: /jeebase/admin/index
2016-09-15 17:48:20,924 INFO  [doubleview.jeebase.support.interceptor.LogInterceptor]  view name: index
2016-09-15 17:48:20,941 DEBUG [doubleview.jeebase.support.interceptor.LogInterceptor]  计时结束：05:48:20.941  耗时：0:0:0.20  URI: /jeebase/admin/index  最大内存: 820m  已分配内存: 274m  已分配内存中的剩余空间: 146m  最大可用内存: 692m
2016-09-15 17:51:44,526 DEBUG [doubleview.jeebase.support.interceptor.LogInterceptor]  开始计时: 17:51:44.523  URI: /jeebase/admin/login
2016-09-15 17:51:44,531 INFO  [doubleview.jeebase.support.interceptor.LogInterceptor]  view name: redirect:/admin/index
2016-09-15 17:51:44,534 DEBUG [doubleview.jeebase.support.interceptor.LogInterceptor]  计时结束：05:51:44.533  耗时：0:0:0.10  URI: /jeebase/admin/login  最大内存: 820m  已分配内存: 274m  已分配内存中的剩余空间: 145m  最大可用内存: 691m
2016-09-15 17:51:44,545 DEBUG [doubleview.jeebase.support.interceptor.LogInterceptor]  开始计时: 17:51:44.545  URI: /jeebase/admin/index
2016-09-15 17:51:44,549 INFO  [doubleview.jeebase.support.interceptor.LogInterceptor]  view name: index
2016-09-15 17:51:44,571 DEBUG [doubleview.jeebase.support.interceptor.LogInterceptor]  计时结束：05:51:44.571  耗时：0:0:0.26  URI: /jeebase/admin/index  最大内存: 820m  已分配内存: 274m  已分配内存中的剩余空间: 145m  最大可用内存: 691m
2016-09-15 17:51:57,341 DEBUG [doubleview.jeebase.support.interceptor.LogInterceptor]  开始计时: 17:51:57.341  URI: /jeebase/admin/login;JSESSIONID=e127ac48-623b-45eb-a667-164de46cff79
2016-09-15 17:51:57,380 INFO  [doubleview.jeebase.support.interceptor.LogInterceptor]  view name: login
2016-09-15 17:51:57,383 DEBUG [doubleview.jeebase.support.interceptor.LogInterceptor]  计时结束：05:51:57.382  耗时：0:0:0.41  URI: /jeebase/admin/login;JSESSIONID=e127ac48-623b-45eb-a667-164de46cff79  最大内存: 820m  已分配内存: 274m  已分配内存中的剩余空间: 144m  最大可用内存: 690m
2016-09-15 17:52:03,382 DEBUG [doubleview.jeebase.support.interceptor.LogInterceptor]  开始计时: 17:52:03.382  URI: /jeebase/admin/login
2016-09-15 17:52:03,383 INFO  [doubleview.jeebase.support.interceptor.LogInterceptor]  view name: login
2016-09-15 17:52:03,386 DEBUG [doubleview.jeebase.support.interceptor.LogInterceptor]  计时结束：05:52:03.385  耗时：0:0:0.3  URI: /jeebase/admin/login  最大内存: 820m  已分配内存: 274m  已分配内存中的剩余空间: 144m  最大可用内存: 690m
2016-09-15 17:52:07,549 DEBUG [doubleview.jeebase.support.interceptor.LogInterceptor]  开始计时: 17:52:07.548  URI: /jeebase/admin/login
2016-09-15 17:52:07,549 INFO  [doubleview.jeebase.support.interceptor.LogInterceptor]  view name: login
2016-09-15 17:52:07,804 DEBUG [doubleview.jeebase.support.interceptor.LogInterceptor]  计时结束：05:52:07.803  耗时：0:0:0.255  URI: /jeebase/admin/login  最大内存: 820m  已分配内存: 274m  已分配内存中的剩余空间: 144m  最大可用内存: 690m
2016-09-15 17:53:22,599 DEBUG [doubleview.jeebase.system.security.SystemAuthorizingRealm]  user doubleview login submit
2016-09-15 17:53:22,609 DEBUG [jeebase.system.dao.UserDao.getByLoginName]  ==>  Preparing: SELECT u.id AS "id", u.login_name AS "loginName", u.password AS "password", u.name AS "name", u.email AS "email", u.skin AS "skin", u.phone AS "phone", u.mobile AS "mobile", u.login_ip AS "loginIp", u.login_date AS "loginDate", u.login_flag AS "loginFlag", u.remarks AS "remarks", u.create_by AS "createBy.id", u.create_time AS "createTime", u.update_by AS "updateBy.id", u.update_time AS "updateTime", u.del_status AS "delStatus", d.id AS "department.id", d.name AS "department.name", d.parent_id AS "department.parent.id", u2.id AS "department.master.id", u2.name AS "department.master.name", a.id AS "department.area.id", a.name AS "department.area.name", a.parent_id AS "department.area.parent.id" FROM sys_user u LEFT JOIN sys_department d ON d.id = u.department_id LEFT JOIN sys_user u2 ON u2.id = d.master_id LEFT JOIN sys_area a ON a.id = d.area_id WHERE u.login_name = ? AND u.del_status = "0" 
2016-09-15 17:53:22,611 DEBUG [jeebase.system.dao.UserDao.getByLoginName]  ==> Parameters: doubleview(String)
2016-09-15 17:53:22,637 DEBUG [jeebase.system.dao.UserDao.getByLoginName]  <==      Total: 1
2016-09-15 17:53:22,664 DEBUG [jeebase.system.dao.RoleDao.getList]  ==>  Preparing: SELECT r.id AS "id", r.name AS "name", r.remarks AS "remarks", r.create_by AS "createBy.id", r.create_time AS "createTime", r.update_by AS "updateBy.id", r.update_time AS "updateTime", r.del_status AS "delStatusl" FROM sys_role r JOIN sys_user_role ur ON ur.role_id = r.id AND ur.user_id = ? WHERE r.del_status = ? ORDER BY r.name 
2016-09-15 17:53:22,666 DEBUG [jeebase.system.dao.RoleDao.getList]  ==> Parameters: 0ca004d6b1bf4bcab9670a5060d82a55(String), 0(String)
2016-09-15 17:53:22,744 DEBUG [jeebase.system.dao.RoleDao.getList]  <==      Total: 0
2016-09-15 17:56:27,735 DEBUG [doubleview.jeebase.support.interceptor.LogInterceptor]  开始计时: 17:56:27.732  URI: /jeebase/admin
2016-09-15 17:56:27,882 DEBUG [doubleview.jeebase.support.interceptor.LogInterceptor]  计时结束：05:56:27.881  耗时：0:0:0.149  URI: /jeebase/admin  最大内存: 820m  已分配内存: 274m  已分配内存中的剩余空间: 142m  最大可用内存: 688m
2016-09-15 17:56:31,606 DEBUG [doubleview.jeebase.support.interceptor.LogInterceptor]  开始计时: 17:56:31.606  URI: /jeebase/admin/login
2016-09-15 17:56:31,609 INFO  [doubleview.jeebase.support.interceptor.LogInterceptor]  view name: redirect:/admin/index
2016-09-15 17:56:31,612 DEBUG [doubleview.jeebase.support.interceptor.LogInterceptor]  计时结束：05:56:31.612  耗时：0:0:0.6  URI: /jeebase/admin/login  最大内存: 820m  已分配内存: 274m  已分配内存中的剩余空间: 142m  最大可用内存: 688m
2016-09-15 17:56:31,651 DEBUG [doubleview.jeebase.support.interceptor.LogInterceptor]  开始计时: 17:56:31.651  URI: /jeebase/admin/index
2016-09-15 17:56:31,654 INFO  [doubleview.jeebase.support.interceptor.LogInterceptor]  view name: index
2016-09-15 17:56:31,675 DEBUG [doubleview.jeebase.support.interceptor.LogInterceptor]  计时结束：05:56:31.675  耗时：0:0:0.24  URI: /jeebase/admin/index  最大内存: 820m  已分配内存: 274m  已分配内存中的剩余空间: 142m  最大可用内存: 688m
2016-09-15 17:56:37,557 DEBUG [doubleview.jeebase.support.interceptor.LogInterceptor]  开始计时: 17:56:37.557  URI: /jeebase/admin/login
2016-09-15 17:56:37,558 INFO  [doubleview.jeebase.support.interceptor.LogInterceptor]  view name: redirect:/admin/index
2016-09-15 17:56:37,560 DEBUG [doubleview.jeebase.support.interceptor.LogInterceptor]  计时结束：05:56:37.559  耗时：0:0:0.2  URI: /jeebase/admin/login  最大内存: 820m  已分配内存: 274m  已分配内存中的剩余空间: 142m  最大可用内存: 688m
2016-09-15 17:56:37,700 DEBUG [doubleview.jeebase.support.interceptor.LogInterceptor]  开始计时: 17:56:37.700  URI: /jeebase/admin/index
2016-09-15 17:56:37,700 INFO  [doubleview.jeebase.support.interceptor.LogInterceptor]  view name: index
2016-09-15 17:56:37,843 DEBUG [doubleview.jeebase.support.interceptor.LogInterceptor]  计时结束：05:56:37.843  耗时：0:0:0.143  URI: /jeebase/admin/index  最大内存: 820m  已分配内存: 274m  已分配内存中的剩余空间: 141m  最大可用内存: 687m
2016-09-15 17:56:55,847 DEBUG [doubleview.jeebase.support.interceptor.LogInterceptor]  开始计时: 17:56:55.846  URI: /jeebase/admin/login;JSESSIONID=6262ba22-bdba-4bdf-b665-07064a963746
2016-09-15 17:56:55,856 INFO  [doubleview.jeebase.support.interceptor.LogInterceptor]  view name: login
2016-09-15 17:56:55,858 DEBUG [doubleview.jeebase.support.interceptor.LogInterceptor]  计时结束：05:56:55.858  耗时：0:0:0.12  URI: /jeebase/admin/login;JSESSIONID=6262ba22-bdba-4bdf-b665-07064a963746  最大内存: 820m  已分配内存: 274m  已分配内存中的剩余空间: 140m  最大可用内存: 686m
2016-09-15 17:57:05,221 DEBUG [doubleview.jeebase.system.security.SystemAuthorizingRealm]  user doubleview login submit
2016-09-15 17:57:05,231 DEBUG [jeebase.system.dao.UserDao.getByLoginName]  ==>  Preparing: SELECT u.id AS "id", u.login_name AS "loginName", u.password AS "password", u.name AS "name", u.email AS "email", u.skin AS "skin", u.phone AS "phone", u.mobile AS "mobile", u.login_ip AS "loginIp", u.login_date AS "loginDate", u.login_flag AS "loginFlag", u.remarks AS "remarks", u.create_by AS "createBy.id", u.create_time AS "createTime", u.update_by AS "updateBy.id", u.update_time AS "updateTime", u.del_status AS "delStatus", d.id AS "department.id", d.name AS "department.name", d.parent_id AS "department.parent.id", u2.id AS "department.master.id", u2.name AS "department.master.name", a.id AS "department.area.id", a.name AS "department.area.name", a.parent_id AS "department.area.parent.id" FROM sys_user u LEFT JOIN sys_department d ON d.id = u.department_id LEFT JOIN sys_user u2 ON u2.id = d.master_id LEFT JOIN sys_area a ON a.id = d.area_id WHERE u.login_name = ? AND u.del_status = "0" 
2016-09-15 17:57:05,234 DEBUG [jeebase.system.dao.UserDao.getByLoginName]  ==> Parameters: doubleview(String)
2016-09-15 17:57:05,303 DEBUG [jeebase.system.dao.UserDao.getByLoginName]  <==      Total: 1
2016-09-15 17:57:05,306 DEBUG [jeebase.system.dao.RoleDao.getList]  ==>  Preparing: SELECT r.id AS "id", r.name AS "name", r.remarks AS "remarks", r.create_by AS "createBy.id", r.create_time AS "createTime", r.update_by AS "updateBy.id", r.update_time AS "updateTime", r.del_status AS "delStatusl" FROM sys_role r JOIN sys_user_role ur ON ur.role_id = r.id AND ur.user_id = ? WHERE r.del_status = ? ORDER BY r.name 
2016-09-15 17:57:05,306 DEBUG [jeebase.system.dao.RoleDao.getList]  ==> Parameters: 0ca004d6b1bf4bcab9670a5060d82a55(String), 0(String)
2016-09-15 17:57:05,328 DEBUG [jeebase.system.dao.RoleDao.getList]  <==      Total: 0
2016-09-15 18:04:11,059 DEBUG [doubleview.jeebase.support.interceptor.LogInterceptor]  开始计时: 18:04:11.059  URI: /jeebase/admin/login
2016-09-15 18:04:11,064 INFO  [doubleview.jeebase.support.interceptor.LogInterceptor]  view name: redirect:/admin/index
2016-09-15 18:04:11,066 DEBUG [doubleview.jeebase.support.interceptor.LogInterceptor]  计时结束：06:04:11.065  耗时：0:0:0.6  URI: /jeebase/admin/login  最大内存: 820m  已分配内存: 274m  已分配内存中的剩余空间: 139m  最大可用内存: 685m
2016-09-15 18:04:11,074 DEBUG [doubleview.jeebase.support.interceptor.LogInterceptor]  开始计时: 18:04:11.073  URI: /jeebase/admin/index
2016-09-15 18:04:11,076 INFO  [doubleview.jeebase.support.interceptor.LogInterceptor]  view name: index
2016-09-15 18:04:11,099 DEBUG [doubleview.jeebase.support.interceptor.LogInterceptor]  计时结束：06:04:11.099  耗时：0:0:0.26  URI: /jeebase/admin/index  最大内存: 820m  已分配内存: 274m  已分配内存中的剩余空间: 139m  最大可用内存: 685m
2016-09-15 18:04:12,694 DEBUG [doubleview.jeebase.support.interceptor.LogInterceptor]  开始计时: 18:04:12.694  URI: /jeebase/admin/login
2016-09-15 18:04:12,696 INFO  [doubleview.jeebase.support.interceptor.LogInterceptor]  view name: redirect:/admin/index
2016-09-15 18:04:12,696 DEBUG [doubleview.jeebase.support.interceptor.LogInterceptor]  计时结束：06:04:12.696  耗时：0:0:0.2  URI: /jeebase/admin/login  最大内存: 820m  已分配内存: 274m  已分配内存中的剩余空间: 138m  最大可用内存: 684m
2016-09-15 18:04:12,706 DEBUG [doubleview.jeebase.support.interceptor.LogInterceptor]  开始计时: 18:04:12.706  URI: /jeebase/admin/index
2016-09-15 18:04:12,707 INFO  [doubleview.jeebase.support.interceptor.LogInterceptor]  view name: index
2016-09-15 18:04:13,053 DEBUG [doubleview.jeebase.support.interceptor.LogInterceptor]  计时结束：06:04:13.052  耗时：0:0:0.346  URI: /jeebase/admin/index  最大内存: 820m  已分配内存: 274m  已分配内存中的剩余空间: 138m  最大可用内存: 684m
2016-09-15 18:08:40,668 DEBUG [doubleview.jeebase.support.interceptor.LogInterceptor]  开始计时: 18:08:40.668  URI: /jeebase/admin/login;JSESSIONID=425225cf-e0a4-4ac5-ad40-2adb5bc42eba
2016-09-15 18:08:40,676 INFO  [doubleview.jeebase.support.interceptor.LogInterceptor]  view name: login
2016-09-15 18:08:40,680 DEBUG [doubleview.jeebase.support.interceptor.LogInterceptor]  计时结束：06:08:40.679  耗时：0:0:0.11  URI: /jeebase/admin/login;JSESSIONID=425225cf-e0a4-4ac5-ad40-2adb5bc42eba  最大内存: 820m  已分配内存: 274m  已分配内存中的剩余空间: 138m  最大可用内存: 684m
2016-09-15 18:23:42,914 DEBUG [doubleview.jeebase.support.interceptor.LogInterceptor]  开始计时: 18:23:42.909  URI: /jeebase/admin/login;JSESSIONID=425225cf-e0a4-4ac5-ad40-2adb5bc42eba
2016-09-15 18:23:42,944 INFO  [doubleview.jeebase.support.interceptor.LogInterceptor]  view name: login
2016-09-15 18:23:46,263 DEBUG [doubleview.jeebase.support.interceptor.LogInterceptor]  计时结束：06:23:46.262  耗时：0:0:3.353  URI: /jeebase/admin/login;JSESSIONID=425225cf-e0a4-4ac5-ad40-2adb5bc42eba  最大内存: 820m  已分配内存: 194m  已分配内存中的剩余空间: 71m  最大可用内存: 697m
2016-09-15 18:24:32,758 DEBUG [doubleview.jeebase.system.security.SystemAuthorizingRealm]  user doubleview login submit
2016-09-15 18:24:32,926 DEBUG [jeebase.system.dao.UserDao.getByLoginName]  ==>  Preparing: SELECT u.id AS "id", u.login_name AS "loginName", u.password AS "password", u.name AS "name", u.email AS "email", u.skin AS "skin", u.phone AS "phone", u.mobile AS "mobile", u.login_ip AS "loginIp", u.login_date AS "loginDate", u.login_flag AS "loginFlag", u.remarks AS "remarks", u.create_by AS "createBy.id", u.create_time AS "createTime", u.update_by AS "updateBy.id", u.update_time AS "updateTime", u.del_status AS "delStatus", d.id AS "department.id", d.name AS "department.name", d.parent_id AS "department.parent.id", u2.id AS "department.master.id", u2.name AS "department.master.name", a.id AS "department.area.id", a.name AS "department.area.name", a.parent_id AS "department.area.parent.id" FROM sys_user u LEFT JOIN sys_department d ON d.id = u.department_id LEFT JOIN sys_user u2 ON u2.id = d.master_id LEFT JOIN sys_area a ON a.id = d.area_id WHERE u.login_name = ? AND u.del_status = "0" 
2016-09-15 18:24:32,998 DEBUG [jeebase.system.dao.UserDao.getByLoginName]  ==> Parameters: doubleview(String)
2016-09-15 18:24:33,160 DEBUG [jeebase.system.dao.UserDao.getByLoginName]  <==      Total: 1
2016-09-15 18:24:33,259 DEBUG [jeebase.system.dao.RoleDao.getList]  ==>  Preparing: SELECT r.id AS "id", r.name AS "name", r.remarks AS "remarks", r.create_by AS "createBy.id", r.create_time AS "createTime", r.update_by AS "updateBy.id", r.update_time AS "updateTime", r.del_status AS "delStatusl" FROM sys_role r JOIN sys_user_role ur ON ur.role_id = r.id AND ur.user_id = ? WHERE r.del_status = ? ORDER BY r.name 
2016-09-15 18:24:33,260 DEBUG [jeebase.system.dao.RoleDao.getList]  ==> Parameters: 0ca004d6b1bf4bcab9670a5060d82a55(String), 0(String)
2016-09-15 18:24:33,263 DEBUG [jeebase.system.dao.RoleDao.getList]  <==      Total: 0
2016-09-15 18:26:00,550 DEBUG [doubleview.jeebase.support.interceptor.LogInterceptor]  开始计时: 18:26:00.550  URI: /jeebase/admin/index
2016-09-15 18:26:00,582 INFO  [doubleview.jeebase.support.interceptor.LogInterceptor]  view name: index
2016-09-15 18:26:05,698 DEBUG [doubleview.jeebase.support.interceptor.LogInterceptor]  计时结束：06:26:05.697  耗时：0:0:5.147  URI: /jeebase/admin/index  最大内存: 820m  已分配内存: 269m  已分配内存中的剩余空间: 195m  最大可用内存: 746m
2016-09-15 18:26:20,563 DEBUG [doubleview.jeebase.support.interceptor.LogInterceptor]  开始计时: 18:26:20.562  URI: /jeebase/admin/login
2016-09-15 18:26:20,564 INFO  [doubleview.jeebase.support.interceptor.LogInterceptor]  view name: login
2016-09-15 18:26:20,569 DEBUG [doubleview.jeebase.support.interceptor.LogInterceptor]  计时结束：06:26:20.569  耗时：0:0:0.7  URI: /jeebase/admin/login  最大内存: 820m  已分配内存: 269m  已分配内存中的剩余空间: 175m  最大可用内存: 726m
2016-09-15 18:26:46,147 DEBUG [doubleview.jeebase.system.security.SystemAuthorizingRealm]  user doubleview login submit
2016-09-15 18:26:46,160 DEBUG [jeebase.system.dao.UserDao.getByLoginName]  ==>  Preparing: SELECT u.id AS "id", u.login_name AS "loginName", u.password AS "password", u.name AS "name", u.email AS "email", u.skin AS "skin", u.phone AS "phone", u.mobile AS "mobile", u.login_ip AS "loginIp", u.login_date AS "loginDate", u.login_flag AS "loginFlag", u.remarks AS "remarks", u.create_by AS "createBy.id", u.create_time AS "createTime", u.update_by AS "updateBy.id", u.update_time AS "updateTime", u.del_status AS "delStatus", d.id AS "department.id", d.name AS "department.name", d.parent_id AS "department.parent.id", u2.id AS "department.master.id", u2.name AS "department.master.name", a.id AS "department.area.id", a.name AS "department.area.name", a.parent_id AS "department.area.parent.id" FROM sys_user u LEFT JOIN sys_department d ON d.id = u.department_id LEFT JOIN sys_user u2 ON u2.id = d.master_id LEFT JOIN sys_area a ON a.id = d.area_id WHERE u.login_name = ? AND u.del_status = "0" 
2016-09-15 18:26:46,163 DEBUG [jeebase.system.dao.UserDao.getByLoginName]  ==> Parameters: doubleview(String)
2016-09-15 18:26:46,175 DEBUG [jeebase.system.dao.UserDao.getByLoginName]  <==      Total: 1
2016-09-15 18:26:46,178 DEBUG [jeebase.system.dao.RoleDao.getList]  ==>  Preparing: SELECT r.id AS "id", r.name AS "name", r.remarks AS "remarks", r.create_by AS "createBy.id", r.create_time AS "createTime", r.update_by AS "updateBy.id", r.update_time AS "updateTime", r.del_status AS "delStatusl" FROM sys_role r JOIN sys_user_role ur ON ur.role_id = r.id AND ur.user_id = ? WHERE r.del_status = ? ORDER BY r.name 
2016-09-15 18:26:46,179 DEBUG [jeebase.system.dao.RoleDao.getList]  ==> Parameters: 0ca004d6b1bf4bcab9670a5060d82a55(String), 0(String)
2016-09-15 18:26:46,182 DEBUG [jeebase.system.dao.RoleDao.getList]  <==      Total: 0
2016-09-15 18:27:18,241 DEBUG [doubleview.jeebase.support.interceptor.LogInterceptor]  开始计时: 18:27:18.241  URI: /jeebase/admin/index
2016-09-15 18:27:18,244 INFO  [doubleview.jeebase.support.interceptor.LogInterceptor]  view name: index
2016-09-15 18:27:18,289 DEBUG [doubleview.jeebase.support.interceptor.LogInterceptor]  计时结束：06:27:18.289  耗时：0:0:0.48  URI: /jeebase/admin/index  最大内存: 820m  已分配内存: 269m  已分配内存中的剩余空间: 173m  最大可用内存: 723m
2016-09-15 18:33:29,620 DEBUG [doubleview.jeebase.support.interceptor.LogInterceptor]  开始计时: 18:33:29.619  URI: /jeebase/admin/login
2016-09-15 18:33:29,627 INFO  [doubleview.jeebase.support.interceptor.LogInterceptor]  view name: login
2016-09-15 18:33:29,637 DEBUG [doubleview.jeebase.support.interceptor.LogInterceptor]  计时结束：06:33:29.637  耗时：0:0:0.18  URI: /jeebase/admin/login  最大内存: 820m  已分配内存: 269m  已分配内存中的剩余空间: 162m  最大可用内存: 713m
2016-09-15 18:34:59,386 DEBUG [doubleview.jeebase.system.security.SystemAuthorizingRealm]  user doubleview login submit
2016-09-15 18:34:59,401 DEBUG [jeebase.system.dao.UserDao.getByLoginName]  ==>  Preparing: SELECT u.id AS "id", u.login_name AS "loginName", u.password AS "password", u.name AS "name", u.email AS "email", u.skin AS "skin", u.phone AS "phone", u.mobile AS "mobile", u.login_ip AS "loginIp", u.login_date AS "loginDate", u.login_flag AS "loginFlag", u.remarks AS "remarks", u.create_by AS "createBy.id", u.create_time AS "createTime", u.update_by AS "updateBy.id", u.update_time AS "updateTime", u.del_status AS "delStatus", d.id AS "department.id", d.name AS "department.name", d.parent_id AS "department.parent.id", u2.id AS "department.master.id", u2.name AS "department.master.name", a.id AS "department.area.id", a.name AS "department.area.name", a.parent_id AS "department.area.parent.id" FROM sys_user u LEFT JOIN sys_department d ON d.id = u.department_id LEFT JOIN sys_user u2 ON u2.id = d.master_id LEFT JOIN sys_area a ON a.id = d.area_id WHERE u.login_name = ? AND u.del_status = "0" 
2016-09-15 18:34:59,403 DEBUG [jeebase.system.dao.UserDao.getByLoginName]  ==> Parameters: doubleview(String)
2016-09-15 18:34:59,416 DEBUG [jeebase.system.dao.UserDao.getByLoginName]  <==      Total: 1
2016-09-15 18:34:59,419 DEBUG [jeebase.system.dao.RoleDao.getList]  ==>  Preparing: SELECT r.id AS "id", r.name AS "name", r.remarks AS "remarks", r.create_by AS "createBy.id", r.create_time AS "createTime", r.update_by AS "updateBy.id", r.update_time AS "updateTime", r.del_status AS "delStatusl" FROM sys_role r JOIN sys_user_role ur ON ur.role_id = r.id AND ur.user_id = ? WHERE r.del_status = ? ORDER BY r.name 
2016-09-15 18:34:59,420 DEBUG [jeebase.system.dao.RoleDao.getList]  ==> Parameters: 0ca004d6b1bf4bcab9670a5060d82a55(String), 0(String)
2016-09-15 18:34:59,424 DEBUG [jeebase.system.dao.RoleDao.getList]  <==      Total: 0
2016-09-15 18:34:59,459 DEBUG [doubleview.jeebase.support.interceptor.LogInterceptor]  开始计时: 18:34:59.458  URI: /jeebase/admin/index
2016-09-15 18:34:59,465 INFO  [doubleview.jeebase.support.interceptor.LogInterceptor]  view name: index
2016-09-15 18:34:59,493 DEBUG [doubleview.jeebase.support.interceptor.LogInterceptor]  计时结束：06:34:59.493  耗时：0:0:0.35  URI: /jeebase/admin/index  最大内存: 820m  已分配内存: 269m  已分配内存中的剩余空间: 161m  最大可用内存: 712m
2016-09-15 18:36:50,432 DEBUG [doubleview.jeebase.support.interceptor.LogInterceptor]  开始计时: 18:36:50.432  URI: /jeebase/admin/login
2016-09-15 18:36:50,433 INFO  [doubleview.jeebase.support.interceptor.LogInterceptor]  view name: login
2016-09-15 18:36:50,438 DEBUG [doubleview.jeebase.support.interceptor.LogInterceptor]  计时结束：06:36:50.438  耗时：0:0:0.6  URI: /jeebase/admin/login  最大内存: 820m  已分配内存: 269m  已分配内存中的剩余空间: 161m  最大可用内存: 711m
2016-09-15 18:37:05,072 DEBUG [doubleview.jeebase.system.security.SystemAuthorizingRealm]  user doubleview login submit
2016-09-15 18:37:05,075 DEBUG [jeebase.system.dao.UserDao.getByLoginName]  ==>  Preparing: SELECT u.id AS "id", u.login_name AS "loginName", u.password AS "password", u.name AS "name", u.email AS "email", u.skin AS "skin", u.phone AS "phone", u.mobile AS "mobile", u.login_ip AS "loginIp", u.login_date AS "loginDate", u.login_flag AS "loginFlag", u.remarks AS "remarks", u.create_by AS "createBy.id", u.create_time AS "createTime", u.update_by AS "updateBy.id", u.update_time AS "updateTime", u.del_status AS "delStatus", d.id AS "department.id", d.name AS "department.name", d.parent_id AS "department.parent.id", u2.id AS "department.master.id", u2.name AS "department.master.name", a.id AS "department.area.id", a.name AS "department.area.name", a.parent_id AS "department.area.parent.id" FROM sys_user u LEFT JOIN sys_department d ON d.id = u.department_id LEFT JOIN sys_user u2 ON u2.id = d.master_id LEFT JOIN sys_area a ON a.id = d.area_id WHERE u.login_name = ? AND u.del_status = "0" 
2016-09-15 18:37:05,077 DEBUG [jeebase.system.dao.UserDao.getByLoginName]  ==> Parameters: doubleview(String)
2016-09-15 18:37:05,083 DEBUG [jeebase.system.dao.UserDao.getByLoginName]  <==      Total: 1
2016-09-15 18:37:05,084 DEBUG [jeebase.system.dao.RoleDao.getList]  ==>  Preparing: SELECT r.id AS "id", r.name AS "name", r.remarks AS "remarks", r.create_by AS "createBy.id", r.create_time AS "createTime", r.update_by AS "updateBy.id", r.update_time AS "updateTime", r.del_status AS "delStatusl" FROM sys_role r JOIN sys_user_role ur ON ur.role_id = r.id AND ur.user_id = ? WHERE r.del_status = ? ORDER BY r.name 
2016-09-15 18:37:05,086 DEBUG [jeebase.system.dao.RoleDao.getList]  ==> Parameters: 0ca004d6b1bf4bcab9670a5060d82a55(String), 0(String)
2016-09-15 18:37:05,089 DEBUG [jeebase.system.dao.RoleDao.getList]  <==      Total: 0
2016-09-15 18:37:05,111 DEBUG [doubleview.jeebase.support.interceptor.LogInterceptor]  开始计时: 18:37:05.110  URI: /jeebase/admin/index
2016-09-15 18:37:05,115 INFO  [doubleview.jeebase.support.interceptor.LogInterceptor]  view name: index
2016-09-15 18:37:05,142 DEBUG [doubleview.jeebase.support.interceptor.LogInterceptor]  计时结束：06:37:05.142  耗时：0:0:0.32  URI: /jeebase/admin/index  最大内存: 820m  已分配内存: 269m  已分配内存中的剩余空间: 161m  最大可用内存: 711m
2016-09-15 18:38:07,411 DEBUG [doubleview.jeebase.support.interceptor.LogInterceptor]  开始计时: 18:38:07.411  URI: /jeebase/admin/login
2016-09-15 18:38:07,412 INFO  [doubleview.jeebase.support.interceptor.LogInterceptor]  view name: login
2016-09-15 18:38:07,415 DEBUG [doubleview.jeebase.support.interceptor.LogInterceptor]  计时结束：06:38:07.414  耗时：0:0:0.3  URI: /jeebase/admin/login  最大内存: 820m  已分配内存: 269m  已分配内存中的剩余空间: 160m  最大可用内存: 710m
2016-09-15 18:40:39,808 DEBUG [doubleview.jeebase.system.security.SystemAuthorizingRealm]  user doubleview login submit
2016-09-15 18:40:39,811 DEBUG [jeebase.system.dao.UserDao.getByLoginName]  ==>  Preparing: SELECT u.id AS "id", u.login_name AS "loginName", u.password AS "password", u.name AS "name", u.email AS "email", u.skin AS "skin", u.phone AS "phone", u.mobile AS "mobile", u.login_ip AS "loginIp", u.login_date AS "loginDate", u.login_flag AS "loginFlag", u.remarks AS "remarks", u.create_by AS "createBy.id", u.create_time AS "createTime", u.update_by AS "updateBy.id", u.update_time AS "updateTime", u.del_status AS "delStatus", d.id AS "department.id", d.name AS "department.name", d.parent_id AS "department.parent.id", u2.id AS "department.master.id", u2.name AS "department.master.name", a.id AS "department.area.id", a.name AS "department.area.name", a.parent_id AS "department.area.parent.id" FROM sys_user u LEFT JOIN sys_department d ON d.id = u.department_id LEFT JOIN sys_user u2 ON u2.id = d.master_id LEFT JOIN sys_area a ON a.id = d.area_id WHERE u.login_name = ? AND u.del_status = "0" 
2016-09-15 18:40:39,812 DEBUG [jeebase.system.dao.UserDao.getByLoginName]  ==> Parameters: doubleview(String)
2016-09-15 18:40:39,817 DEBUG [jeebase.system.dao.UserDao.getByLoginName]  <==      Total: 1
2016-09-15 18:40:39,819 DEBUG [jeebase.system.dao.RoleDao.getList]  ==>  Preparing: SELECT r.id AS "id", r.name AS "name", r.remarks AS "remarks", r.create_by AS "createBy.id", r.create_time AS "createTime", r.update_by AS "updateBy.id", r.update_time AS "updateTime", r.del_status AS "delStatusl" FROM sys_role r JOIN sys_user_role ur ON ur.role_id = r.id AND ur.user_id = ? WHERE r.del_status = ? ORDER BY r.name 
2016-09-15 18:40:39,820 DEBUG [jeebase.system.dao.RoleDao.getList]  ==> Parameters: 0ca004d6b1bf4bcab9670a5060d82a55(String), 0(String)
2016-09-15 18:40:39,821 DEBUG [jeebase.system.dao.RoleDao.getList]  <==      Total: 0
2016-09-15 18:40:39,874 DEBUG [doubleview.jeebase.support.interceptor.LogInterceptor]  开始计时: 18:40:39.874  URI: /jeebase/admin/index
2016-09-15 18:40:39,900 INFO  [doubleview.jeebase.support.interceptor.LogInterceptor]  view name: index
2016-09-15 18:40:39,917 DEBUG [doubleview.jeebase.support.interceptor.LogInterceptor]  计时结束：06:40:39.917  耗时：0:0:0.43  URI: /jeebase/admin/index  最大内存: 820m  已分配内存: 269m  已分配内存中的剩余空间: 158m  最大可用内存: 709m
